TN:
SF:src/app/api/admin/analytics/route.ts
FN:4,GET
FN:84,getSystemStats
FN:98,getDailyTrends
FN:121,getProviderAnalytics
FN:136,getModelAnalytics
FN:151,getAdminKeysAnalytics
FN:172,(anonymous_7)
FN:194,(anonymous_8)
FN:202,getUserKeysAnalytics
FN:215,getBonusAnalytics
FN:228,getCostByTier
FN:251,getTopUsers
FN:265,getUserActivity
FNF:13
FNH:0
FNDA:0,GET
FNDA:0,getSystemStats
FNDA:0,getDailyTrends
FNDA:0,getProviderAnalytics
FNDA:0,getModelAnalytics
FNDA:0,getAdminKeysAnalytics
FNDA:0,(anonymous_7)
FNDA:0,(anonymous_8)
FNDA:0,getUserKeysAnalytics
FNDA:0,getBonusAnalytics
FNDA:0,getCostByTier
FNDA:0,getTopUsers
FNDA:0,getUserActivity
DA:1,0
DA:2,0
DA:4,0
DA:5,0
DA:6,0
DA:9,0
DA:10,0
DA:11,0
DA:18,0
DA:24,0
DA:25,0
DA:32,0
DA:33,0
DA:34,0
DA:35,0
DA:38,0
DA:40,0
DA:43,0
DA:46,0
DA:49,0
DA:52,0
DA:55,0
DA:58,0
DA:61,0
DA:64,0
DA:67,0
DA:70,0
DA:76,0
DA:77,0
DA:85,0
DA:90,0
DA:91,0
DA:92,0
DA:95,0
DA:99,0
DA:104,0
DA:105,0
DA:107,0
DA:108,0
DA:111,0
DA:113,0
DA:114,0
DA:115,0
DA:118,0
DA:123,0
DA:128,0
DA:129,0
DA:130,0
DA:133,0
DA:138,0
DA:143,0
DA:144,0
DA:145,0
DA:148,0
DA:152,0
DA:157,0
DA:158,0
DA:160,0
DA:161,0
DA:164,0
DA:166,0
DA:167,0
DA:168,0
DA:172,0
DA:173,0
DA:174,0
DA:175,0
DA:186,0
DA:187,0
DA:188,0
DA:189,0
DA:191,0
DA:194,0
DA:199,0
DA:203,0
DA:207,0
DA:208,0
DA:209,0
DA:212,0
DA:216,0
DA:220,0
DA:221,0
DA:222,0
DA:225,0
DA:229,0
DA:234,0
DA:235,0
DA:237,0
DA:238,0
DA:241,0
DA:243,0
DA:244,0
DA:245,0
DA:248,0
DA:252,0
DA:257,0
DA:258,0
DA:259,0
DA:262,0
DA:266,0
DA:272,0
DA:273,0
DA:274,0
DA:277,0
LF:104
LH:0
BRDA:10,0,0,0
BRDA:10,0,1,0
BRDA:10,1,0,0
BRDA:10,1,1,0
BRDA:24,2,0,0
BRDA:24,2,1,0
BRDA:24,3,0,0
BRDA:24,3,1,0
BRDA:33,4,0,0
BRDA:33,4,1,0
BRDA:38,5,0,0
BRDA:38,5,1,0
BRDA:38,5,2,0
BRDA:38,5,3,0
BRDA:38,5,4,0
BRDA:38,5,5,0
BRDA:38,5,6,0
BRDA:38,5,7,0
BRDA:38,5,8,0
BRDA:38,5,9,0
BRDA:38,5,10,0
BRDA:90,6,0,0
BRDA:90,6,1,0
BRDA:104,7,0,0
BRDA:104,7,1,0
BRDA:107,8,0,0
BRDA:107,8,1,0
BRDA:113,9,0,0
BRDA:113,9,1,0
BRDA:124,10,0,0
BRDA:124,10,1,0
BRDA:125,11,0,0
BRDA:125,11,1,0
BRDA:128,12,0,0
BRDA:128,12,1,0
BRDA:139,13,0,0
BRDA:139,13,1,0
BRDA:140,14,0,0
BRDA:140,14,1,0
BRDA:143,15,0,0
BRDA:143,15,1,0
BRDA:157,16,0,0
BRDA:157,16,1,0
BRDA:160,17,0,0
BRDA:160,17,1,0
BRDA:166,18,0,0
BRDA:166,18,1,0
BRDA:174,19,0,0
BRDA:174,19,1,0
BRDA:207,20,0,0
BRDA:207,20,1,0
BRDA:220,21,0,0
BRDA:220,21,1,0
BRDA:234,22,0,0
BRDA:234,22,1,0
BRDA:237,23,0,0
BRDA:237,23,1,0
BRDA:243,24,0,0
BRDA:243,24,1,0
BRDA:257,25,0,0
BRDA:257,25,1,0
BRDA:272,26,0,0
BRDA:272,26,1,0
BRF:63
BRH:0
end_of_record
TN:
SF:src/app/api/admin/available-providers/route.ts
FN:7,GET
FN:26,(anonymous_2)
FN:27,(anonymous_3)
FNF:3
FNH:0
FNDA:0,GET
FNDA:0,(anonymous_2)
FNDA:0,(anonymous_3)
DA:3,0
DA:4,0
DA:7,0
DA:8,0
DA:9,0
DA:15,0
DA:20,0
DA:21,0
DA:22,0
DA:26,0
DA:27,0
DA:30,0
DA:35,0
DA:36,0
LF:14
LH:0
BRDA:20,0,0,0
BRDA:20,0,1,0
BRDA:26,1,0,0
BRDA:26,1,1,0
BRF:4
BRH:0
end_of_record
TN:
SF:src/app/api/admin/bonuses/delete/route.ts
FN:5,POST
FNF:1
FNH:0
FNDA:0,POST
DA:1,0
DA:2,0
DA:3,0
DA:5,0
DA:6,0
DA:7,0
DA:10,0
DA:11,0
DA:12,0
DA:19,0
DA:25,0
DA:26,0
DA:32,0
DA:33,0
DA:35,0
DA:36,0
DA:43,0
DA:45,0
DA:46,0
DA:52,0
DA:56,0
DA:57,0
LF:22
LH:0
BRDA:11,0,0,0
BRDA:11,0,1,0
BRDA:11,1,0,0
BRDA:11,1,1,0
BRDA:25,2,0,0
BRDA:25,2,1,0
BRDA:25,3,0,0
BRDA:25,3,1,0
BRDA:35,4,0,0
BRDA:35,4,1,0
BRDA:45,5,0,0
BRDA:45,5,1,0
BRF:12
BRH:0
end_of_record
TN:
SF:src/app/api/admin/bonuses/grant/route.ts
FN:5,POST
FNF:1
FNH:0
FNDA:0,POST
DA:1,0
DA:2,0
DA:3,0
DA:5,0
DA:6,0
DA:7,0
DA:10,0
DA:11,0
DA:12,0
DA:19,0
DA:25,0
DA:26,0
DA:32,0
DA:33,0
DA:35,0
DA:36,0
DA:43,0
DA:52,0
DA:53,0
DA:59,0
DA:64,0
DA:65,0
LF:22
LH:0
BRDA:11,0,0,0
BRDA:11,0,1,0
BRDA:11,1,0,0
BRDA:11,1,1,0
BRDA:25,2,0,0
BRDA:25,2,1,0
BRDA:25,3,0,0
BRDA:25,3,1,0
BRDA:35,4,0,0
BRDA:35,4,1,0
BRDA:35,5,0,0
BRDA:35,5,1,0
BRDA:35,5,2,0
BRDA:52,6,0,0
BRDA:52,6,1,0
BRF:15
BRH:0
end_of_record
TN:
SF:src/app/api/admin/bonuses/list/route.ts
FN:4,GET
FN:39,(anonymous_2)
FN:40,(anonymous_3)
FN:50,(anonymous_4)
FN:53,(anonymous_5)
FNF:5
FNH:0
FNDA:0,GET
FNDA:0,(anonymous_2)
FNDA:0,(anonymous_3)
FNDA:0,(anonymous_4)
FNDA:0,(anonymous_5)
DA:1,0
DA:2,0
DA:4,0
DA:5,0
DA:7,0
DA:9,0
DA:10,0
DA:11,0
DA:15,0
DA:21,0
DA:22,0
DA:26,0
DA:28,0
DA:33,0
DA:34,0
DA:35,0
DA:39,0
DA:40,0
DA:41,0
DA:44,0
DA:50,0
DA:53,0
DA:59,0
DA:61,0
DA:62,0
LF:25
LH:0
BRDA:10,0,0,0
BRDA:10,0,1,0
BRDA:21,1,0,0
BRDA:21,1,1,0
BRDA:33,2,0,0
BRDA:33,2,1,0
BRDA:39,3,0,0
BRDA:39,3,1,0
BRDA:40,4,0,0
BRDA:40,4,1,0
BRDA:50,5,0,0
BRDA:50,5,1,0
BRDA:55,6,0,0
BRDA:55,6,1,0
BRDA:56,7,0,0
BRDA:56,7,1,0
BRDA:56,8,0,0
BRDA:56,8,1,0
BRF:18
BRH:0
end_of_record
TN:
SF:src/app/api/admin/credits/route.ts
FN:4,GET
FN:57,(anonymous_4)
FN:58,(anonymous_5)
FN:81,(anonymous_6)
FN:92,(anonymous_7)
FN:93,(anonymous_8)
FN:95,(anonymous_9)
FN:128,POST
FNF:8
FNH:0
FNDA:0,GET
FNDA:0,(anonymous_4)
FNDA:0,(anonymous_5)
FNDA:0,(anonymous_6)
FNDA:0,(anonymous_7)
FNDA:0,(anonymous_8)
FNDA:0,(anonymous_9)
FNDA:0,POST
DA:1,0
DA:2,0
DA:4,0
DA:5,0
DA:6,0
DA:9,0
DA:11,0
DA:12,0
DA:16,0
DA:22,0
DA:23,0
DA:27,0
DA:30,0
DA:39,0
DA:40,0
DA:41,0
DA:48,0
DA:52,0
DA:53,0
DA:57,0
DA:58,0
DA:59,0
DA:68,0
DA:81,0
DA:82,0
DA:87,0
DA:88,0
DA:92,0
DA:93,0
DA:94,0
DA:95,0
DA:97,0
DA:110,0
DA:112,0
DA:120,0
DA:121,0
DA:128,0
DA:129,0
DA:130,0
DA:133,0
DA:135,0
DA:136,0
DA:140,0
DA:146,0
DA:147,0
DA:150,0
DA:152,0
DA:153,0
DA:156,0
DA:159,0
DA:165,0
DA:166,0
DA:169,0
DA:170,0
DA:172,0
DA:173,0
DA:176,0
DA:177,0
DA:178,0
DA:180,0
DA:181,0
DA:186,0
DA:198,0
DA:199,0
DA:200,0
DA:207,0
DA:216,0
DA:217,0
DA:218,0
DA:225,0
DA:226,0
DA:242,0
DA:245,0
DA:251,0
DA:252,0
LF:75
LH:0
BRDA:11,0,0,0
BRDA:11,0,1,0
BRDA:11,1,0,0
BRDA:11,1,1,0
BRDA:22,2,0,0
BRDA:22,2,1,0
BRDA:39,3,0,0
BRDA:39,3,1,0
BRDA:52,4,0,0
BRDA:52,4,1,0
BRDA:57,5,0,0
BRDA:57,5,1,0
BRDA:63,6,0,0
BRDA:63,6,1,0
BRDA:81,7,0,0
BRDA:81,7,1,0
BRDA:87,8,0,0
BRDA:87,8,1,0
BRDA:92,9,0,0
BRDA:92,9,1,0
BRDA:94,10,0,0
BRDA:94,10,1,0
BRDA:95,11,0,0
BRDA:95,11,1,0
BRDA:110,12,0,0
BRDA:110,12,1,0
BRDA:110,13,0,0
BRDA:110,13,1,0
BRDA:123,14,0,0
BRDA:123,14,1,0
BRDA:135,15,0,0
BRDA:135,15,1,0
BRDA:135,16,0,0
BRDA:135,16,1,0
BRDA:146,17,0,0
BRDA:146,17,1,0
BRDA:152,18,0,0
BRDA:152,18,1,0
BRDA:152,19,0,0
BRDA:152,19,1,0
BRDA:152,19,2,0
BRDA:165,20,0,0
BRDA:165,20,1,0
BRDA:166,21,0,0
BRDA:166,21,1,0
BRDA:172,22,0,0
BRDA:172,22,1,0
BRDA:177,23,0,0
BRDA:177,23,1,0
BRDA:191,24,0,0
BRDA:191,24,1,0
BRDA:198,25,0,0
BRDA:198,25,1,0
BRDA:216,26,0,0
BRDA:216,26,1,0
BRDA:254,27,0,0
BRDA:254,27,1,0
BRF:57
BRH:0
end_of_record
TN:
SF:src/app/api/admin/global-settings/route.ts
FN:6,GET
FN:34,POST
FNF:2
FNH:0
FNDA:0,GET
FNDA:0,POST
DA:3,0
DA:4,0
DA:6,0
DA:7,0
DA:8,0
DA:13,0
DA:19,0
DA:20,0
DA:21,0
DA:24,0
DA:29,0
DA:30,0
DA:34,0
DA:35,0
DA:36,0
DA:41,0
DA:42,0
DA:44,0
DA:45,0
DA:50,0
DA:62,0
DA:63,0
DA:64,0
DA:67,0
DA:69,0
DA:70,0
LF:26
LH:0
BRDA:19,0,0,0
BRDA:19,0,1,0
BRDA:19,1,0,0
BRDA:19,1,1,0
BRDA:26,2,0,0
BRDA:26,2,1,0
BRDA:44,3,0,0
BRDA:44,3,1,0
BRDA:44,4,0,0
BRDA:44,4,1,0
BRDA:44,4,2,0
BRDA:62,5,0,0
BRDA:62,5,1,0
BRF:13
BRH:0
end_of_record
TN:
SF:src/app/api/admin/model-tiers/route.ts
FN:7,GET
FN:50,POST
FN:76,updateModelTier
FN:108,createModelTier
FN:142,deleteModelTier
FNF:5
FNH:0
FNDA:0,GET
FNDA:0,POST
FNDA:0,updateModelTier
FNDA:0,createModelTier
FNDA:0,deleteModelTier
DA:3,0
DA:4,0
DA:7,0
DA:8,0
DA:9,0
DA:14,0
DA:15,0
DA:16,0
DA:18,0
DA:25,0
DA:26,0
DA:29,0
DA:30,0
DA:33,0
DA:35,0
DA:36,0
DA:37,0
DA:40,0
DA:45,0
DA:46,0
DA:50,0
DA:51,0
DA:52,0
DA:57,0
DA:58,0
DA:60,0
DA:62,0
DA:64,0
DA:66,0
DA:68,0
DA:71,0
DA:72,0
DA:77,0
DA:79,0
DA:80,0
DA:83,0
DA:87,0
DA:88,0
DA:89,0
DA:90,0
DA:91,0
DA:93,0
DA:100,0
DA:101,0
DA:102,0
DA:105,0
DA:109,0
DA:111,0
DA:112,0
DA:117,0
DA:128,0
DA:134,0
DA:135,0
DA:136,0
DA:139,0
DA:143,0
DA:145,0
DA:146,0
DA:149,0
DA:154,0
DA:155,0
DA:156,0
DA:159,0
LF:63
LH:0
BRDA:25,0,0,0
BRDA:25,0,1,0
BRDA:29,1,0,0
BRDA:29,1,1,0
BRDA:35,2,0,0
BRDA:35,2,1,0
BRDA:42,3,0,0
BRDA:42,3,1,0
BRDA:60,4,0,0
BRDA:60,4,1,0
BRDA:60,4,2,0
BRDA:60,4,3,0
BRDA:79,5,0,0
BRDA:79,5,1,0
BRDA:87,6,0,0
BRDA:87,6,1,0
BRDA:88,7,0,0
BRDA:88,7,1,0
BRDA:89,8,0,0
BRDA:89,8,1,0
BRDA:90,9,0,0
BRDA:90,9,1,0
BRDA:91,10,0,0
BRDA:91,10,1,0
BRDA:100,11,0,0
BRDA:100,11,1,0
BRDA:111,12,0,0
BRDA:111,12,1,0
BRDA:111,13,0,0
BRDA:111,13,1,0
BRDA:111,13,2,0
BRDA:111,13,3,0
BRDA:122,14,0,0
BRDA:122,14,1,0
BRDA:122,15,0,0
BRDA:122,15,1,0
BRDA:122,16,0,0
BRDA:122,16,1,0
BRDA:134,17,0,0
BRDA:134,17,1,0
BRDA:145,18,0,0
BRDA:145,18,1,0
BRDA:154,19,0,0
BRDA:154,19,1,0
BRF:44
BRH:0
end_of_record
TN:
SF:src/app/api/admin/models/list/route.ts
FN:4,GET
FN:66,(anonymous_2)
FNF:2
FNH:0
FNDA:0,GET
FNDA:0,(anonymous_2)
DA:1,0
DA:2,0
DA:4,0
DA:5,0
DA:7,0
DA:9,0
DA:10,0
DA:11,0
DA:15,0
DA:21,0
DA:22,0
DA:26,0
DA:29,0
DA:30,0
DA:33,0
DA:52,0
DA:53,0
DA:56,0
DA:58,0
DA:60,0
DA:61,0
DA:62,0
DA:66,0
DA:78,0
DA:80,0
DA:81,0
LF:26
LH:0
BRDA:10,0,0,0
BRDA:10,0,1,0
BRDA:21,1,0,0
BRDA:21,1,1,0
BRDA:52,2,0,0
BRDA:52,2,1,0
BRDA:60,3,0,0
BRDA:60,3,1,0
BRF:8
BRH:0
end_of_record
TN:
SF:src/app/api/admin/pricing/sync-stripe/route.ts
FN:4,POST
FN:34,(anonymous_5)
FN:41,(anonymous_6)
FN:59,(anonymous_7)
FN:67,(anonymous_8)
FNF:5
FNH:0
FNDA:0,POST
FNDA:0,(anonymous_5)
FNDA:0,(anonymous_6)
FNDA:0,(anonymous_7)
FNDA:0,(anonymous_8)
DA:1,0
DA:2,0
DA:4,0
DA:5,0
DA:6,0
DA:9,0
DA:10,0
DA:11,0
DA:14,0
DA:20,0
DA:21,0
DA:25,0
DA:29,0
DA:30,0
DA:33,0
DA:34,0
DA:35,0
DA:38,0
DA:41,0
DA:49,0
DA:50,0
DA:52,0
DA:59,0
DA:67,0
DA:69,0
DA:80,0
DA:81,0
LF:27
LH:0
BRDA:10,0,0,0
BRDA:10,0,1,0
BRDA:10,1,0,0
BRDA:10,1,1,0
BRDA:20,2,0,0
BRDA:20,2,1,0
BRDA:29,3,0,0
BRDA:29,3,1,0
BRF:8
BRH:0
end_of_record
TN:
SF:src/app/api/admin/provider-analytics/route.ts
FN:8,getAuthenticatedUser
FN:57,getTimeRangeHours
FN:68,GET
FN:112,(anonymous_4)
FN:121,(anonymous_5)
FN:125,(anonymous_6)
FN:126,(anonymous_7)
FN:140,(anonymous_8)
FN:163,(anonymous_9)
FN:170,(anonymous_10)
FN:182,(anonymous_11)
FN:187,(anonymous_12)
FN:209,(anonymous_13)
FN:221,(anonymous_14)
FN:223,(anonymous_15)
FNF:15
FNH:0
FNDA:0,getAuthenticatedUser
FNDA:0,getTimeRangeHours
FNDA:0,GET
FNDA:0,(anonymous_4)
FNDA:0,(anonymous_5)
FNDA:0,(anonymous_6)
FNDA:0,(anonymous_7)
FNDA:0,(anonymous_8)
FNDA:0,(anonymous_9)
FNDA:0,(anonymous_10)
FNDA:0,(anonymous_11)
FNDA:0,(anonymous_12)
FNDA:0,(anonymous_13)
FNDA:0,(anonymous_14)
FNDA:0,(anonymous_15)
DA:3,0
DA:4,0
DA:5,0
DA:9,0
DA:10,0
DA:11,0
DA:13,0
DA:15,0
DA:16,0
DA:17,0
DA:18,0
DA:20,0
DA:21,0
DA:24,0
DA:25,0
DA:26,0
DA:27,0
DA:30,0
DA:35,0
DA:36,0
DA:39,0
DA:44,0
DA:46,0
DA:47,0
DA:50,0
DA:52,0
DA:53,0
DA:58,0
DA:65,0
DA:68,0
DA:69,0
DA:71,0
DA:72,0
DA:73,0
DA:76,0
DA:81,0
DA:82,0
DA:83,0
DA:84,0
DA:86,0
DA:87,0
DA:90,0
DA:95,0
DA:96,0
DA:99,0
DA:100,0
DA:103,0
DA:105,0
DA:106,0
DA:107,0
DA:111,0
DA:113,0
DA:119,0
DA:121,0
DA:122,0
DA:125,0
DA:126,0
DA:128,0
DA:140,0
DA:141,0
DA:142,0
DA:153,0
DA:154,0
DA:155,0
DA:156,0
DA:157,0
DA:158,0
DA:160,0
DA:163,0
DA:170,0
DA:171,0
DA:176,0
DA:177,0
DA:180,0
DA:182,0
DA:184,0
DA:185,0
DA:187,0
DA:188,0
DA:191,0
DA:192,0
DA:193,0
DA:194,0
DA:195,0
DA:202,0
DA:203,0
DA:206,0
DA:209,0
DA:221,0
DA:223,0
DA:225,0
DA:239,0
DA:240,0
LF:93
LH:0
BRDA:16,0,0,0
BRDA:16,0,1,0
BRDA:20,1,0,0
BRDA:20,1,1,0
BRDA:25,2,0,0
BRDA:25,2,1,0
BRDA:35,3,0,0
BRDA:35,3,1,0
BRDA:46,4,0,0
BRDA:46,4,1,0
BRDA:46,5,0,0
BRDA:46,5,1,0
BRDA:65,6,0,0
BRDA:65,6,1,0
BRDA:72,7,0,0
BRDA:72,7,1,0
BRDA:83,8,0,0
BRDA:83,8,1,0
BRDA:95,9,0,0
BRDA:95,9,1,0
BRDA:99,10,0,0
BRDA:99,10,1,0
BRDA:99,11,0,0
BRDA:99,11,1,0
BRDA:105,12,0,0
BRDA:105,12,1,0
BRDA:112,13,0,0
BRDA:112,13,1,0
BRDA:119,14,0,0
BRDA:119,14,1,0
BRDA:121,15,0,0
BRDA:121,15,1,0
BRDA:122,16,0,0
BRDA:122,16,1,0
BRDA:122,16,2,0
BRDA:123,17,0,0
BRDA:123,17,1,0
BRDA:123,18,0,0
BRDA:123,18,1,0
BRDA:125,19,0,0
BRDA:125,19,1,0
BRDA:125,20,0,0
BRDA:125,20,1,0
BRDA:126,21,0,0
BRDA:126,21,1,0
BRDA:126,22,0,0
BRDA:126,22,1,0
BRDA:126,23,0,0
BRDA:126,23,1,0
BRDA:134,24,0,0
BRDA:134,24,1,0
BRDA:141,25,0,0
BRDA:141,25,1,0
BRDA:154,26,0,0
BRDA:154,26,1,0
BRDA:155,27,0,0
BRDA:155,27,1,0
BRDA:156,28,0,0
BRDA:156,28,1,0
BRDA:157,29,0,0
BRDA:157,29,1,0
BRDA:158,30,0,0
BRDA:158,30,1,0
BRDA:165,31,0,0
BRDA:165,31,1,0
BRDA:166,32,0,0
BRDA:166,32,1,0
BRDA:170,33,0,0
BRDA:170,33,1,0
BRDA:176,34,0,0
BRDA:176,34,1,0
BRDA:182,35,0,0
BRDA:182,35,1,0
BRDA:184,36,0,0
BRDA:184,36,1,0
BRDA:185,37,0,0
BRDA:185,37,1,0
BRDA:188,38,0,0
BRDA:188,38,1,0
BRDA:191,39,0,0
BRDA:191,39,1,0
BRDA:192,40,0,0
BRDA:192,40,1,0
BRDA:194,41,0,0
BRDA:194,41,1,0
BRDA:214,42,0,0
BRDA:214,42,1,0
BRDA:217,43,0,0
BRDA:217,43,1,0
BRDA:221,44,0,0
BRDA:221,44,1,0
BRF:91
BRH:0
end_of_record
TN:
SF:src/app/api/admin/provider-config/route.ts
FN:7,GET
FN:43,POST
FNF:2
FNH:0
FNDA:0,GET
FNDA:0,POST
DA:3,0
DA:4,0
DA:7,0
DA:8,0
DA:9,0
DA:14,0
DA:15,0
DA:17,0
DA:22,0
DA:23,0
DA:26,0
DA:28,0
DA:29,0
DA:30,0
DA:33,0
DA:38,0
DA:39,0
DA:43,0
DA:44,0
DA:45,0
DA:50,0
DA:51,0
DA:53,0
DA:54,0
DA:57,0
DA:61,0
DA:62,0
DA:63,0
DA:64,0
DA:66,0
DA:73,0
DA:74,0
DA:75,0
DA:78,0
DA:80,0
DA:81,0
LF:36
LH:0
BRDA:22,0,0,0
BRDA:22,0,1,0
BRDA:28,1,0,0
BRDA:28,1,1,0
BRDA:35,2,0,0
BRDA:35,2,1,0
BRDA:53,3,0,0
BRDA:53,3,1,0
BRDA:61,4,0,0
BRDA:61,4,1,0
BRDA:62,5,0,0
BRDA:62,5,1,0
BRDA:63,6,0,0
BRDA:63,6,1,0
BRDA:64,7,0,0
BRDA:64,7,1,0
BRDA:73,8,0,0
BRDA:73,8,1,0
BRF:18
BRH:0
end_of_record
TN:
SF:src/app/api/admin/providers/route.ts
FN:8,getAuthenticatedUser
FN:14,(anonymous_4)
FN:71,GET
FN:126,(anonymous_6)
FN:154,POST
FN:199,addProviderKey
FN:282,updateKey
FN:320,updateKeyBudget
FN:339,toggleKeyActive
FN:358,resetKeyUsage
FN:378,reorderKeys
FN:412,deleteKey
FN:433,getNextAvailableKey
FNF:13
FNH:0
FNDA:0,getAuthenticatedUser
FNDA:0,(anonymous_4)
FNDA:0,GET
FNDA:0,(anonymous_6)
FNDA:0,POST
FNDA:0,addProviderKey
FNDA:0,updateKey
FNDA:0,updateKeyBudget
FNDA:0,toggleKeyActive
FNDA:0,resetKeyUsage
FNDA:0,reorderKeys
FNDA:0,deleteKey
FNDA:0,getNextAvailableKey
DA:3,0
DA:4,0
DA:5,0
DA:9,0
DA:10,0
DA:13,0
DA:14,0
DA:17,0
DA:20,0
DA:21,0
DA:22,0
DA:24,0
DA:27,0
DA:28,0
DA:32,0
DA:33,0
DA:34,0
DA:35,0
DA:36,0
DA:39,0
DA:40,0
DA:45,0
DA:46,0
DA:47,0
DA:50,0
DA:56,0
DA:58,0
DA:59,0
DA:60,0
DA:63,0
DA:65,0
DA:66,0
DA:71,0
DA:72,0
DA:74,0
DA:75,0
DA:76,0
DA:79,0
DA:84,0
DA:85,0
DA:86,0
DA:90,0
DA:96,0
DA:97,0
DA:100,0
DA:101,0
DA:104,0
DA:106,0
DA:107,0
DA:108,0
DA:112,0
DA:115,0
DA:120,0
DA:121,0
DA:124,0
DA:126,0
DA:127,0
DA:128,0
DA:135,0
DA:136,0
DA:137,0
DA:138,0
DA:139,0
DA:142,0
DA:149,0
DA:150,0
DA:154,0
DA:155,0
DA:157,0
DA:158,0
DA:159,0
DA:162,0
DA:167,0
DA:168,0
DA:171,0
DA:173,0
DA:175,0
DA:177,0
DA:179,0
DA:181,0
DA:183,0
DA:185,0
DA:187,0
DA:189,0
DA:191,0
DA:194,0
DA:195,0
DA:200,0
DA:202,0
DA:203,0
DA:207,0
DA:208,0
DA:212,0
DA:218,0
DA:219,0
DA:225,0
DA:228,0
DA:229,0
DA:230,0
DA:238,0
DA:242,0
DA:243,0
DA:244,0
DA:245,0
DA:250,0
DA:268,0
DA:274,0
DA:275,0
DA:276,0
DA:279,0
DA:283,0
DA:285,0
DA:286,0
DA:289,0
DA:293,0
DA:294,0
DA:295,0
DA:296,0
DA:297,0
DA:299,0
DA:300,0
DA:301,0
DA:302,0
DA:307,0
DA:312,0
DA:313,0
DA:314,0
DA:317,0
DA:321,0
DA:323,0
DA:331,0
DA:332,0
DA:333,0
DA:336,0
DA:340,0
DA:342,0
DA:350,0
DA:351,0
DA:352,0
DA:355,0
DA:359,0
DA:361,0
DA:370,0
DA:371,0
DA:372,0
DA:375,0
DA:379,0
DA:381,0
DA:382,0
DA:385,0
DA:387,0
DA:388,0
DA:399,0
DA:400,0
DA:401,0
DA:405,0
DA:407,0
DA:408,0
DA:413,0
DA:415,0
DA:416,0
DA:420,0
DA:425,0
DA:426,0
DA:427,0
DA:430,0
DA:434,0
DA:436,0
DA:437,0
DA:440,0
DA:442,0
DA:451,0
DA:452,0
DA:453,0
DA:456,0
DA:457,0
DA:461,0
DA:463,0
DA:464,0
DA:465,0
DA:468,0
DA:469,0
DA:470,0
DA:471,0
DA:475,0
DA:477,0
DA:479,0
DA:481,0
DA:486,0
DA:489,0
DA:490,0
DA:491,0
DA:492,0
DA:496,0
DA:497,0
DA:515,0
DA:518,0
DA:519,0
LF:198
LH:0
BRDA:21,0,0,0
BRDA:21,0,1,0
BRDA:27,1,0,0
BRDA:27,1,1,0
BRDA:33,2,0,0
BRDA:33,2,1,0
BRDA:45,3,0,0
BRDA:45,3,1,0
BRDA:58,4,0,0
BRDA:58,4,1,0
BRDA:58,5,0,0
BRDA:58,5,1,0
BRDA:75,6,0,0
BRDA:75,6,1,0
BRDA:96,7,0,0
BRDA:96,7,1,0
BRDA:100,8,0,0
BRDA:100,8,1,0
BRDA:106,9,0,0
BRDA:106,9,1,0
BRDA:112,10,0,0
BRDA:112,10,1,0
BRDA:120,11,0,0
BRDA:120,11,1,0
BRDA:126,12,0,0
BRDA:126,12,1,0
BRDA:127,13,0,0
BRDA:127,13,1,0
BRDA:136,14,0,0
BRDA:136,14,1,0
BRDA:137,15,0,0
BRDA:137,15,1,0
BRDA:138,16,0,0
BRDA:138,16,1,0
BRDA:158,17,0,0
BRDA:158,17,1,0
BRDA:173,18,0,0
BRDA:173,18,1,0
BRDA:173,18,2,0
BRDA:173,18,3,0
BRDA:173,18,4,0
BRDA:173,18,5,0
BRDA:173,18,6,0
BRDA:173,18,7,0
BRDA:173,18,8,0
BRDA:202,19,0,0
BRDA:202,19,1,0
BRDA:207,20,0,0
BRDA:207,20,1,0
BRDA:207,21,0,0
BRDA:207,21,1,0
BRDA:207,21,2,0
BRDA:218,22,0,0
BRDA:218,22,1,0
BRDA:218,23,0,0
BRDA:218,23,1,0
BRDA:229,24,0,0
BRDA:229,24,1,0
BRDA:238,25,0,0
BRDA:238,25,1,0
BRDA:243,26,0,0
BRDA:243,26,1,0
BRDA:243,27,0,0
BRDA:243,27,1,0
BRDA:245,28,0,0
BRDA:245,28,1,0
BRDA:253,29,0,0
BRDA:253,29,1,0
BRDA:254,30,0,0
BRDA:254,30,1,0
BRDA:256,31,0,0
BRDA:256,31,1,0
BRDA:257,32,0,0
BRDA:257,32,1,0
BRDA:258,33,0,0
BRDA:258,33,1,0
BRDA:274,34,0,0
BRDA:274,34,1,0
BRDA:285,35,0,0
BRDA:285,35,1,0
BRDA:293,36,0,0
BRDA:293,36,1,0
BRDA:294,37,0,0
BRDA:294,37,1,0
BRDA:295,38,0,0
BRDA:295,38,1,0
BRDA:296,39,0,0
BRDA:296,39,1,0
BRDA:297,40,0,0
BRDA:297,40,1,0
BRDA:299,41,0,0
BRDA:299,41,1,0
BRDA:302,42,0,0
BRDA:302,42,1,0
BRDA:312,43,0,0
BRDA:312,43,1,0
BRDA:331,44,0,0
BRDA:331,44,1,0
BRDA:350,45,0,0
BRDA:350,45,1,0
BRDA:370,46,0,0
BRDA:370,46,1,0
BRDA:381,47,0,0
BRDA:381,47,1,0
BRDA:381,48,0,0
BRDA:381,48,1,0
BRDA:381,48,2,0
BRDA:381,48,3,0
BRDA:399,49,0,0
BRDA:399,49,1,0
BRDA:415,50,0,0
BRDA:415,50,1,0
BRDA:425,51,0,0
BRDA:425,51,1,0
BRDA:436,52,0,0
BRDA:436,52,1,0
BRDA:436,53,0,0
BRDA:436,53,1,0
BRDA:451,54,0,0
BRDA:451,54,1,0
BRDA:456,55,0,0
BRDA:456,55,1,0
BRDA:456,56,0,0
BRDA:456,56,1,0
BRDA:468,57,0,0
BRDA:468,57,1,0
BRDA:468,58,0,0
BRDA:468,58,1,0
BRDA:475,59,0,0
BRDA:475,59,1,0
BRDA:477,60,0,0
BRDA:477,60,1,0
BRDA:479,61,0,0
BRDA:479,61,1,0
BRDA:489,62,0,0
BRDA:489,62,1,0
BRDA:496,63,0,0
BRDA:496,63,1,0
BRF:138
BRH:0
end_of_record
TN:
SF:src/app/api/admin/providers/list/route.ts
FN:4,GET
FNF:1
FNH:0
FNDA:0,GET
DA:1,0
DA:2,0
DA:4,0
DA:5,0
DA:7,0
DA:9,0
DA:10,0
DA:11,0
DA:15,0
DA:21,0
DA:22,0
DA:26,0
DA:29,0
DA:35,0
DA:36,0
DA:37,0
DA:40,0
DA:42,0
DA:43,0
LF:19
LH:0
BRDA:10,0,0,0
BRDA:10,0,1,0
BRDA:21,1,0,0
BRDA:21,1,1,0
BRDA:35,2,0,0
BRDA:35,2,1,0
BRF:6
BRH:0
end_of_record
TN:
SF:src/app/api/admin/stats/route.ts
FN:6,GET
FN:63,(anonymous_2)
FN:82,(anonymous_3)
FNF:3
FNH:3
FNDA:4,GET
FNDA:4,(anonymous_2)
FNDA:2,(anonymous_3)
DA:1,1
DA:2,1
DA:4,1
DA:6,4
DA:7,4
DA:8,4
DA:11,4
DA:12,4
DA:13,1
DA:17,3
DA:23,3
DA:24,1
DA:28,2
DA:29,1
DA:30,0
DA:33,1
DA:43,1
DA:53,1
DA:58,1
DA:63,1
DA:64,4
DA:65,4
DA:68,1
DA:82,2
DA:96,1
DA:97,1
LF:26
LH:25
BRDA:4,0,0,1
BRDA:4,0,1,0
BRDA:12,1,0,1
BRDA:12,1,1,3
BRDA:12,2,0,4
BRDA:12,2,1,3
BRDA:23,3,0,1
BRDA:23,3,1,2
BRDA:29,4,0,0
BRDA:29,4,1,1
BRDA:63,5,0,1
BRDA:63,5,1,0
BRDA:64,6,0,4
BRDA:64,6,1,3
BRDA:70,7,0,1
BRDA:70,7,1,0
BRDA:71,8,0,1
BRDA:71,8,1,0
BRDA:75,9,0,1
BRDA:75,9,1,0
BRDA:76,10,0,1
BRDA:76,10,1,0
BRDA:77,11,0,1
BRDA:77,11,1,0
BRDA:77,12,0,1
BRDA:77,12,1,0
BRDA:80,13,0,1
BRDA:80,13,1,0
BRDA:82,14,0,1
BRDA:82,14,1,0
BRDA:91,15,0,1
BRDA:91,15,1,0
BRF:32
BRH:20
end_of_record
TN:
SF:src/app/api/admin/users/route.ts
FN:6,GET
FNF:1
FNH:0
FNDA:0,GET
DA:1,0
DA:2,0
DA:4,0
DA:6,0
DA:7,0
DA:8,0
DA:11,0
DA:12,0
DA:13,0
DA:18,0
DA:24,0
DA:25,0
DA:29,0
DA:30,0
DA:31,0
DA:32,0
DA:33,0
DA:36,0
DA:44,0
DA:45,0
DA:47,0
DA:48,0
DA:52,0
DA:53,0
DA:54,0
DA:57,0
DA:59,0
DA:60,0
DA:63,0
DA:74,0
DA:75,0
LF:31
LH:0
BRDA:4,0,0,0
BRDA:4,0,1,0
BRDA:12,1,0,0
BRDA:12,1,1,0
BRDA:12,2,0,0
BRDA:12,2,1,0
BRDA:24,3,0,0
BRDA:24,3,1,0
BRDA:30,4,0,0
BRDA:30,4,1,0
BRDA:31,5,0,0
BRDA:31,5,1,0
BRDA:32,6,0,0
BRDA:32,6,1,0
BRDA:33,7,0,0
BRDA:33,7,1,0
BRDA:44,8,0,0
BRDA:44,8,1,0
BRDA:47,9,0,0
BRDA:47,9,1,0
BRDA:59,10,0,0
BRDA:59,10,1,0
BRDA:68,11,0,0
BRDA:68,11,1,0
BRDA:69,12,0,0
BRDA:69,12,1,0
BRF:26
BRH:0
end_of_record
TN:
SF:src/app/api/admin/users/list/route.ts
FN:4,GET
FNF:1
FNH:0
FNDA:0,GET
DA:1,0
DA:2,0
DA:4,0
DA:5,0
DA:7,0
DA:9,0
DA:10,0
DA:11,0
DA:15,0
DA:21,0
DA:22,0
DA:26,0
DA:28,0
DA:33,0
DA:34,0
DA:35,0
DA:38,0
DA:40,0
DA:41,0
LF:19
LH:0
BRDA:10,0,0,0
BRDA:10,0,1,0
BRDA:21,1,0,0
BRDA:21,1,1,0
BRDA:33,2,0,0
BRDA:33,2,1,0
BRF:6
BRH:0
end_of_record
TN:
SF:src/app/api/admin/vms/route.ts
FN:4,GET
FNF:1
FNH:1
FNDA:5,GET
DA:1,1
DA:2,1
DA:4,5
DA:5,5
DA:6,5
DA:9,5
DA:10,5
DA:11,1
DA:15,4
DA:21,4
DA:22,1
DA:26,3
DA:27,3
DA:28,3
DA:29,3
DA:30,3
DA:33,3
DA:42,3
DA:43,1
DA:45,3
DA:46,0
DA:50,3
DA:51,3
DA:52,3
DA:55,3
DA:57,3
DA:58,0
DA:61,3
DA:72,0
DA:73,0
LF:30
LH:26
BRDA:10,0,0,1
BRDA:10,0,1,4
BRDA:10,1,0,5
BRDA:10,1,1,4
BRDA:21,2,0,1
BRDA:21,2,1,3
BRDA:27,3,0,3
BRDA:27,3,1,1
BRDA:28,4,0,3
BRDA:28,4,1,1
BRDA:29,5,0,3
BRDA:29,5,1,2
BRDA:30,6,0,3
BRDA:30,6,1,3
BRDA:42,7,0,1
BRDA:42,7,1,2
BRDA:45,8,0,0
BRDA:45,8,1,3
BRDA:57,9,0,0
BRDA:57,9,1,3
BRDA:66,10,0,3
BRDA:66,10,1,0
BRDA:67,11,0,3
BRDA:67,11,1,0
BRF:24
BRH:20
end_of_record
TN:
SF:src/app/api/api-keys/route.ts
FN:4,GET
FN:34,POST
FN:132,(anonymous_5)
FN:133,(anonymous_6)
FNF:4
FNH:0
FNDA:0,GET
FNDA:0,POST
FNDA:0,(anonymous_5)
FNDA:0,(anonymous_6)
DA:1,0
DA:2,0
DA:4,0
DA:5,0
DA:6,0
DA:8,0
DA:10,0
DA:11,0
DA:14,0
DA:22,0
DA:23,0
DA:24,0
DA:27,0
DA:29,0
DA:30,0
DA:34,0
DA:35,0
DA:36,0
DA:38,0
DA:40,0
DA:41,0
DA:44,0
DA:47,0
DA:48,0
DA:52,0
DA:53,0
DA:62,0
DA:63,0
DA:65,0
DA:66,0
DA:67,0
DA:73,0
DA:74,0
DA:75,0
DA:80,0
DA:87,0
DA:91,0
DA:106,0
DA:112,0
DA:113,0
DA:114,0
DA:118,0
DA:120,0
DA:126,0
DA:128,0
DA:131,0
DA:132,0
DA:133,0
DA:134,0
DA:137,0
DA:139,0
DA:147,0
DA:154,0
DA:156,0
DA:157,0
LF:55
LH:0
BRDA:10,0,0,0
BRDA:10,0,1,0
BRDA:10,1,0,0
BRDA:10,1,1,0
BRDA:22,2,0,0
BRDA:22,2,1,0
BRDA:40,3,0,0
BRDA:40,3,1,0
BRDA:40,4,0,0
BRDA:40,4,1,0
BRDA:44,5,0,0
BRDA:44,6,0,0
BRDA:44,7,0,0
BRDA:47,8,0,0
BRDA:47,8,1,0
BRDA:52,9,0,0
BRDA:52,9,1,0
BRDA:65,10,0,0
BRDA:65,10,1,0
BRDA:65,11,0,0
BRDA:65,11,1,0
BRDA:67,12,0,0
BRDA:67,12,1,0
BRDA:74,13,0,0
BRDA:74,13,1,0
BRDA:74,14,0,0
BRDA:74,14,1,0
BRDA:87,15,0,0
BRDA:87,15,1,0
BRDA:87,16,0,0
BRDA:87,16,1,0
BRDA:88,17,0,0
BRDA:88,17,1,0
BRDA:94,18,0,0
BRDA:94,18,1,0
BRDA:97,19,0,0
BRDA:97,19,1,0
BRDA:98,20,0,0
BRDA:98,20,1,0
BRDA:112,21,0,0
BRDA:112,21,1,0
BRDA:118,22,0,0
BRDA:118,22,1,0
BRDA:126,23,0,0
BRDA:126,23,1,0
BRDA:126,24,0,0
BRDA:126,24,1,0
BRDA:128,25,0,0
BRDA:128,25,1,0
BRDA:132,26,0,0
BRDA:132,26,1,0
BRDA:132,26,2,0
BRDA:134,27,0,0
BRDA:134,27,1,0
BRF:54
BRH:0
end_of_record
TN:
SF:src/app/api/api-keys/[id]/route.ts
FN:4,PUT
FN:61,DELETE
FNF:2
FNH:0
FNDA:0,PUT
FNDA:0,DELETE
DA:1,0
DA:2,0
DA:4,0
DA:8,0
DA:9,0
DA:11,0
DA:13,0
DA:14,0
DA:17,0
DA:18,0
DA:21,0
DA:28,0
DA:29,0
DA:33,0
DA:43,0
DA:49,0
DA:50,0
DA:51,0
DA:54,0
DA:56,0
DA:57,0
DA:61,0
DA:65,0
DA:66,0
DA:68,0
DA:70,0
DA:71,0
DA:74,0
DA:76,0
DA:82,0
DA:83,0
DA:84,0
DA:87,0
DA:89,0
DA:90,0
LF:35
LH:0
BRDA:13,0,0,0
BRDA:13,0,1,0
BRDA:13,1,0,0
BRDA:13,1,1,0
BRDA:28,2,0,0
BRDA:28,2,1,0
BRDA:28,3,0,0
BRDA:28,3,1,0
BRDA:33,4,0,0
BRDA:33,4,1,0
BRDA:49,5,0,0
BRDA:49,5,1,0
BRDA:70,6,0,0
BRDA:70,6,1,0
BRDA:70,7,0,0
BRDA:70,7,1,0
BRDA:82,8,0,0
BRDA:82,8,1,0
BRF:18
BRH:0
end_of_record
TN:
SF:src/app/api/api-keys/reorder/route.ts
FN:4,POST
FN:32,(anonymous_2)
FN:33,(anonymous_3)
FN:40,(anonymous_4)
FN:51,(anonymous_5)
FNF:5
FNH:0
FNDA:0,POST
FNDA:0,(anonymous_2)
FNDA:0,(anonymous_3)
FNDA:0,(anonymous_4)
FNDA:0,(anonymous_5)
DA:1,0
DA:2,0
DA:4,0
DA:5,0
DA:6,0
DA:8,0
DA:10,0
DA:11,0
DA:14,0
DA:17,0
DA:18,0
DA:22,0
DA:27,0
DA:28,0
DA:29,0
DA:32,0
DA:33,0
DA:35,0
DA:36,0
DA:40,0
DA:41,0
DA:48,0
DA:51,0
DA:52,0
DA:53,0
DA:54,0
DA:57,0
DA:59,0
DA:60,0
LF:29
LH:0
BRDA:10,0,0,0
BRDA:10,0,1,0
BRDA:10,1,0,0
BRDA:10,1,1,0
BRDA:17,2,0,0
BRDA:17,2,1,0
BRDA:27,3,0,0
BRDA:27,3,1,0
BRDA:35,4,0,0
BRDA:35,4,1,0
BRDA:52,5,0,0
BRDA:52,5,1,0
BRF:12
BRH:0
end_of_record
TN:
SF:src/app/api/billing/history/route.ts
FN:9,GET
FN:35,(anonymous_3)
FN:56,(anonymous_4)
FN:69,(anonymous_5)
FNF:4
FNH:0
FNDA:0,GET
FNDA:0,(anonymous_3)
FNDA:0,(anonymous_4)
FNDA:0,(anonymous_5)
DA:1,0
DA:2,0
DA:3,0
DA:5,0
DA:9,0
DA:10,0
DA:11,0
DA:13,0
DA:15,0
DA:16,0
DA:20,0
DA:26,0
DA:28,0
DA:30,0
DA:35,0
DA:50,0
DA:56,0
DA:68,0
DA:69,0
DA:71,0
DA:77,0
DA:78,0
LF:22
LH:0
BRDA:15,0,0,0
BRDA:15,0,1,0
BRDA:15,1,0,0
BRDA:15,1,1,0
BRDA:28,2,0,0
BRDA:28,2,1,0
BRDA:40,3,0,0
BRDA:40,3,1,0
BRDA:44,4,0,0
BRDA:44,4,1,0
BRDA:45,5,0,0
BRDA:45,5,1,0
BRDA:56,6,0,0
BRDA:56,6,1,0
BRDA:61,7,0,0
BRDA:61,7,1,0
BRDA:73,8,0,0
BRDA:73,8,1,0
BRF:18
BRH:0
end_of_record
TN:
SF:src/app/api/chat/completions/route.ts
FN:15,generateConversationTitle
FN:130,parseUsageData
FN:156,(anonymous_6)
FN:257,(anonymous_7)
FN:277,authenticateRequest
FN:320,resolveProviderModelId
FN:364,getProviderFromModel
FN:414,(anonymous_11)
FN:427,(anonymous_12)
FN:428,(anonymous_13)
FN:429,(anonymous_14)
FN:430,(anonymous_15)
FN:435,(anonymous_16)
FN:456,POST
FN:488,(anonymous_18)
FN:523,(anonymous_19)
FN:524,(anonymous_20)
FN:571,(anonymous_21)
FN:622,(anonymous_22)
FN:651,(anonymous_23)
FN:668,(anonymous_24)
FN:685,(anonymous_25)
FN:702,(anonymous_26)
FN:716,(anonymous_27)
FN:725,(anonymous_28)
FN:867,(anonymous_29)
FN:922,(anonymous_30)
FN:925,(anonymous_31)
FN:926,(anonymous_32)
FN:926,(anonymous_33)
FN:931,(anonymous_34)
FN:951,(anonymous_35)
FN:1031,(anonymous_36)
FN:1081,(anonymous_37)
FN:1143,(anonymous_38)
FN:1174,(anonymous_39)
FN:1222,(anonymous_40)
FN:1226,(anonymous_41)
FN:1266,(anonymous_42)
FN:1267,(anonymous_43)
FN:1268,(anonymous_44)
FN:1299,(anonymous_45)
FN:1300,(anonymous_46)
FN:1390,(anonymous_47)
FN:1391,(anonymous_48)
FN:1393,(anonymous_49)
FN:1422,(anonymous_50)
FN:1526,(anonymous_51)
FN:1535,(anonymous_52)
FN:1538,(anonymous_53)
FN:1609,(anonymous_54)
FN:1675,(anonymous_55)
FN:1747,(anonymous_56)
FN:1910,(anonymous_57)
FN:1966,(anonymous_58)
FN:1996,(anonymous_59)
FN:2134,(anonymous_60)
FN:2252,(anonymous_61)
FN:2345,(anonymous_62)
FN:2407,(anonymous_63)
FN:2505,(anonymous_64)
FN:2506,(anonymous_65)
FN:2573,(anonymous_66)
FN:2574,(anonymous_67)
FN:2575,(anonymous_68)
FN:2691,(anonymous_69)
FN:2785,(anonymous_70)
FN:2786,(anonymous_71)
FN:2787,(anonymous_72)
FN:2836,(anonymous_73)
FN:2866,(anonymous_74)
FN:2867,(anonymous_75)
FN:2944,(anonymous_76)
FN:2960,(anonymous_77)
FN:2961,(anonymous_78)
FN:2978,(anonymous_79)
FNF:76
FNH:0
FNDA:0,generateConversationTitle
FNDA:0,parseUsageData
FNDA:0,(anonymous_6)
FNDA:0,(anonymous_7)
FNDA:0,authenticateRequest
FNDA:0,resolveProviderModelId
FNDA:0,getProviderFromModel
FNDA:0,(anonymous_11)
FNDA:0,(anonymous_12)
FNDA:0,(anonymous_13)
FNDA:0,(anonymous_14)
FNDA:0,(anonymous_15)
FNDA:0,(anonymous_16)
FNDA:0,POST
FNDA:0,(anonymous_18)
FNDA:0,(anonymous_19)
FNDA:0,(anonymous_20)
FNDA:0,(anonymous_21)
FNDA:0,(anonymous_22)
FNDA:0,(anonymous_23)
FNDA:0,(anonymous_24)
FNDA:0,(anonymous_25)
FNDA:0,(anonymous_26)
FNDA:0,(anonymous_27)
FNDA:0,(anonymous_28)
FNDA:0,(anonymous_29)
FNDA:0,(anonymous_30)
FNDA:0,(anonymous_31)
FNDA:0,(anonymous_32)
FNDA:0,(anonymous_33)
FNDA:0,(anonymous_34)
FNDA:0,(anonymous_35)
FNDA:0,(anonymous_36)
FNDA:0,(anonymous_37)
FNDA:0,(anonymous_38)
FNDA:0,(anonymous_39)
FNDA:0,(anonymous_40)
FNDA:0,(anonymous_41)
FNDA:0,(anonymous_42)
FNDA:0,(anonymous_43)
FNDA:0,(anonymous_44)
FNDA:0,(anonymous_45)
FNDA:0,(anonymous_46)
FNDA:0,(anonymous_47)
FNDA:0,(anonymous_48)
FNDA:0,(anonymous_49)
FNDA:0,(anonymous_50)
FNDA:0,(anonymous_51)
FNDA:0,(anonymous_52)
FNDA:0,(anonymous_53)
FNDA:0,(anonymous_54)
FNDA:0,(anonymous_55)
FNDA:0,(anonymous_56)
FNDA:0,(anonymous_57)
FNDA:0,(anonymous_58)
FNDA:0,(anonymous_59)
FNDA:0,(anonymous_60)
FNDA:0,(anonymous_61)
FNDA:0,(anonymous_62)
FNDA:0,(anonymous_63)
FNDA:0,(anonymous_64)
FNDA:0,(anonymous_65)
FNDA:0,(anonymous_66)
FNDA:0,(anonymous_67)
FNDA:0,(anonymous_68)
FNDA:0,(anonymous_69)
FNDA:0,(anonymous_70)
FNDA:0,(anonymous_71)
FNDA:0,(anonymous_72)
FNDA:0,(anonymous_73)
FNDA:0,(anonymous_74)
FNDA:0,(anonymous_75)
FNDA:0,(anonymous_76)
FNDA:0,(anonymous_77)
FNDA:0,(anonymous_78)
FNDA:0,(anonymous_79)
DA:1,0
DA:2,0
DA:3,0
DA:4,0
DA:6,0
DA:7,0
DA:8,0
DA:9,0
DA:10,0
DA:11,0
DA:16,0
DA:18,0
DA:20,0
DA:21,0
DA:35,0
DA:36,0
DA:37,0
DA:38,0
DA:41,0
DA:42,0
DA:61,0
DA:64,0
DA:65,0
DA:66,0
DA:67,0
DA:69,0
DA:70,0
DA:73,0
DA:74,0
DA:76,0
DA:78,0
DA:79,0
DA:80,0
DA:82,0
DA:85,0
DA:86,0
DA:89,0
DA:93,0
DA:96,0
DA:97,0
DA:101,0
DA:102,0
DA:109,0
DA:110,0
DA:114,0
DA:115,0
DA:116,0
DA:120,0
DA:123,0
DA:125,0
DA:131,0
DA:134,0
DA:135,0
DA:137,0
DA:138,0
DA:139,0
DA:140,0
DA:145,0
DA:146,0
DA:151,0
DA:152,0
DA:153,0
DA:154,0
DA:156,0
DA:157,0
DA:158,0
DA:163,0
DA:164,0
DA:170,0
DA:171,0
DA:172,0
DA:176,0
DA:177,0
DA:179,0
DA:180,0
DA:181,0
DA:186,0
DA:187,0
DA:191,0
DA:192,0
DA:197,0
DA:198,0
DA:202,0
DA:203,0
DA:208,0
DA:209,0
DA:213,0
DA:214,0
DA:219,0
DA:220,0
DA:224,0
DA:225,0
DA:226,0
DA:227,0
DA:229,0
DA:232,0
DA:233,0
DA:238,0
DA:239,0
DA:244,0
DA:247,0
DA:248,0
DA:249,0
DA:250,0
DA:251,0
DA:252,0
DA:253,0
DA:254,0
DA:257,0
DA:260,0
DA:261,0
DA:262,0
DA:263,0
DA:268,0
DA:269,0
DA:272,0
DA:274,0
DA:278,0
DA:281,0
DA:282,0
DA:283,0
DA:284,0
DA:287,0
DA:294,0
DA:295,0
DA:299,0
DA:304,0
DA:310,0
DA:311,0
DA:312,0
DA:315,0
DA:321,0
DA:323,0
DA:324,0
DA:325,0
DA:326,0
DA:330,0
DA:331,0
DA:333,0
DA:334,0
DA:336,0
DA:337,0
DA:338,0
DA:339,0
DA:344,0
DA:345,0
DA:346,0
DA:347,0
DA:348,0
DA:349,0
DA:350,0
DA:351,0
DA:356,0
DA:357,0
DA:359,0
DA:360,0
DA:365,0
DA:367,0
DA:374,0
DA:377,0
DA:378,0
DA:379,0
DA:382,0
DA:383,0
DA:385,0
DA:389,0
DA:395,0
DA:396,0
DA:401,0
DA:408,0
DA:410,0
DA:411,0
DA:412,0
DA:414,0
DA:415,0
DA:418,0
DA:419,0
DA:420,0
DA:426,0
DA:427,0
DA:429,0
DA:430,0
DA:431,0
DA:434,0
DA:435,0
DA:436,0
DA:439,0
DA:440,0
DA:441,0
DA:447,0
DA:448,0
DA:449,0
DA:451,0
DA:456,0
DA:458,0
DA:460,0
DA:461,0
DA:462,0
DA:463,0
DA:466,0
DA:467,0
DA:470,0
DA:471,0
DA:472,0
DA:475,0
DA:478,0
DA:479,0
DA:488,0
DA:490,0
DA:491,0
DA:500,0
DA:502,0
DA:504,0
DA:505,0
DA:507,0
DA:510,0
DA:517,0
DA:518,0
DA:522,0
DA:523,0
DA:524,0
DA:526,0
DA:527,0
DA:532,0
DA:538,0
DA:541,0
DA:543,0
DA:547,0
DA:548,0
DA:549,0
DA:550,0
DA:554,0
DA:555,0
DA:556,0
DA:558,0
DA:561,0
DA:571,0
DA:572,0
DA:577,0
DA:578,0
DA:579,0
DA:585,0
DA:594,0
DA:595,0
DA:599,0
DA:602,0
DA:611,0
DA:612,0
DA:619,0
DA:620,0
DA:622,0
DA:626,0
DA:632,0
DA:638,0
DA:641,0
DA:648,0
DA:651,0
DA:652,0
DA:653,0
DA:654,0
DA:655,0
DA:657,0
DA:668,0
DA:669,0
DA:671,0
DA:672,0
DA:674,0
DA:685,0
DA:686,0
DA:688,0
DA:689,0
DA:691,0
DA:699,0
DA:702,0
DA:712,0
DA:714,0
DA:716,0
DA:717,0
DA:718,0
DA:725,0
DA:726,0
DA:729,0
DA:730,0
DA:731,0
DA:734,0
DA:737,0
DA:738,0
DA:739,0
DA:742,0
DA:747,0
DA:750,0
DA:756,0
DA:757,0
DA:758,0
DA:759,0
DA:761,0
DA:764,0
DA:765,0
DA:768,0
DA:769,0
DA:770,0
DA:774,0
DA:776,0
DA:780,0
DA:781,0
DA:783,0
DA:785,0
DA:786,0
DA:787,0
DA:788,0
DA:791,0
DA:792,0
DA:793,0
DA:795,0
DA:797,0
DA:798,0
DA:799,0
DA:801,0
DA:802,0
DA:803,0
DA:804,0
DA:805,0
DA:806,0
DA:808,0
DA:810,0
DA:811,0
DA:817,0
DA:818,0
DA:819,0
DA:820,0
DA:821,0
DA:822,0
DA:823,0
DA:824,0
DA:826,0
DA:827,0
DA:828,0
DA:833,0
DA:837,0
DA:838,0
DA:841,0
DA:845,0
DA:849,0
DA:853,0
DA:858,0
DA:860,0
DA:863,0
DA:864,0
DA:867,0
DA:868,0
DA:869,0
DA:870,0
DA:871,0
DA:872,0
DA:875,0
DA:876,0
DA:877,0
DA:878,0
DA:879,0
DA:883,0
DA:884,0
DA:885,0
DA:886,0
DA:887,0
DA:891,0
DA:892,0
DA:893,0
DA:894,0
DA:895,0
DA:899,0
DA:900,0
DA:901,0
DA:902,0
DA:903,0
DA:907,0
DA:908,0
DA:909,0
DA:910,0
DA:911,0
DA:912,0
DA:913,0
DA:917,0
DA:921,0
DA:922,0
DA:924,0
DA:926,0
DA:927,0
DA:928,0
DA:931,0
DA:932,0
DA:933,0
DA:934,0
DA:936,0
DA:937,0
DA:938,0
DA:939,0
DA:940,0
DA:941,0
DA:945,0
DA:946,0
DA:950,0
DA:951,0
DA:961,0
DA:962,0
DA:963,0
DA:964,0
DA:969,0
DA:970,0
DA:971,0
DA:975,0
DA:976,0
DA:977,0
DA:978,0
DA:979,0
DA:981,0
DA:986,0
DA:987,0
DA:989,0
DA:994,0
DA:999,0
DA:1001,0
DA:1002,0
DA:1003,0
DA:1005,0
DA:1007,0
DA:1010,0
DA:1011,0
DA:1012,0
DA:1014,0
DA:1016,0
DA:1017,0
DA:1019,0
DA:1020,0
DA:1026,0
DA:1027,0
DA:1030,0
DA:1031,0
DA:1041,0
DA:1042,0
DA:1044,0
DA:1045,0
DA:1048,0
DA:1049,0
DA:1052,0
DA:1053,0
DA:1054,0
DA:1057,0
DA:1058,0
DA:1059,0
DA:1063,0
DA:1064,0
DA:1068,0
DA:1069,0
DA:1070,0
DA:1071,0
DA:1074,0
DA:1075,0
DA:1077,0
DA:1078,0
DA:1079,0
DA:1081,0
DA:1082,0
DA:1083,0
DA:1084,0
DA:1085,0
DA:1086,0
DA:1088,0
DA:1089,0
DA:1090,0
DA:1091,0
DA:1092,0
DA:1095,0
DA:1096,0
DA:1097,0
DA:1099,0
DA:1100,0
DA:1101,0
DA:1102,0
DA:1103,0
DA:1104,0
DA:1105,0
DA:1106,0
DA:1107,0
DA:1111,0
DA:1113,0
DA:1115,0
DA:1116,0
DA:1117,0
DA:1118,0
DA:1119,0
DA:1120,0
DA:1121,0
DA:1122,0
DA:1123,0
DA:1124,0
DA:1125,0
DA:1126,0
DA:1128,0
DA:1136,0
DA:1140,0
DA:1141,0
DA:1142,0
DA:1143,0
DA:1144,0
DA:1145,0
DA:1146,0
DA:1147,0
DA:1152,0
DA:1155,0
DA:1156,0
DA:1157,0
DA:1158,0
DA:1159,0
DA:1160,0
DA:1161,0
DA:1162,0
DA:1165,0
DA:1166,0
DA:1167,0
DA:1168,0
DA:1170,0
DA:1171,0
DA:1174,0
DA:1177,0
DA:1178,0
DA:1180,0
DA:1181,0
DA:1185,0
DA:1186,0
DA:1194,0
DA:1196,0
DA:1197,0
DA:1199,0
DA:1200,0
DA:1201,0
DA:1202,0
DA:1203,0
DA:1204,0
DA:1205,0
DA:1206,0
DA:1207,0
DA:1209,0
DA:1211,0
DA:1217,0
DA:1222,0
DA:1223,0
DA:1226,0
DA:1240,0
DA:1241,0
DA:1242,0
DA:1243,0
DA:1244,0
DA:1246,0
DA:1260,0
DA:1265,0
DA:1266,0
DA:1267,0
DA:1268,0
DA:1270,0
DA:1271,0
DA:1273,0
DA:1274,0
DA:1275,0
DA:1276,0
DA:1281,0
DA:1283,0
DA:1284,0
DA:1289,0
DA:1290,0
DA:1291,0
DA:1295,0
DA:1296,0
DA:1297,0
DA:1298,0
DA:1299,0
DA:1300,0
DA:1310,0
DA:1311,0
DA:1314,0
DA:1325,0
DA:1326,0
DA:1327,0
DA:1332,0
DA:1333,0
DA:1334,0
DA:1335,0
DA:1337,0
DA:1338,0
DA:1339,0
DA:1344,0
DA:1349,0
DA:1350,0
DA:1351,0
DA:1354,0
DA:1379,0
DA:1383,0
DA:1387,0
DA:1390,0
DA:1391,0
DA:1393,0
DA:1402,0
DA:1403,0
DA:1404,0
DA:1405,0
DA:1410,0
DA:1421,0
DA:1423,0
DA:1425,0
DA:1426,0
DA:1427,0
DA:1428,0
DA:1431,0
DA:1432,0
DA:1433,0
DA:1434,0
DA:1435,0
DA:1437,0
DA:1441,0
DA:1442,0
DA:1443,0
DA:1444,0
DA:1446,0
DA:1451,0
DA:1452,0
DA:1453,0
DA:1454,0
DA:1456,0
DA:1460,0
DA:1461,0
DA:1462,0
DA:1463,0
DA:1464,0
DA:1470,0
DA:1471,0
DA:1476,0
DA:1477,0
DA:1478,0
DA:1479,0
DA:1480,0
DA:1481,0
DA:1494,0
DA:1507,0
DA:1508,0
DA:1511,0
DA:1512,0
DA:1516,0
DA:1517,0
DA:1521,0
DA:1522,0
DA:1523,0
DA:1524,0
DA:1525,0
DA:1526,0
DA:1530,0
DA:1531,0
DA:1534,0
DA:1535,0
DA:1536,0
DA:1537,0
DA:1538,0
DA:1541,0
DA:1542,0
DA:1543,0
DA:1544,0
DA:1545,0
DA:1546,0
DA:1549,0
DA:1552,0
DA:1557,0
DA:1558,0
DA:1561,0
DA:1564,0
DA:1566,0
DA:1567,0
DA:1568,0
DA:1569,0
DA:1570,0
DA:1579,0
DA:1587,0
DA:1590,0
DA:1592,0
DA:1599,0
DA:1600,0
DA:1601,0
DA:1602,0
DA:1606,0
DA:1607,0
DA:1608,0
DA:1609,0
DA:1620,0
DA:1621,0
DA:1624,0
DA:1628,0
DA:1629,0
DA:1630,0
DA:1631,0
DA:1633,0
DA:1634,0
DA:1637,0
DA:1638,0
DA:1639,0
DA:1643,0
DA:1644,0
DA:1645,0
DA:1646,0
DA:1647,0
DA:1648,0
DA:1649,0
DA:1650,0
DA:1655,0
DA:1657,0
DA:1660,0
DA:1669,0
DA:1670,0
DA:1672,0
DA:1674,0
DA:1675,0
DA:1687,0
DA:1688,0
DA:1692,0
DA:1694,0
DA:1695,0
DA:1699,0
DA:1700,0
DA:1702,0
DA:1703,0
DA:1706,0
DA:1711,0
DA:1712,0
DA:1714,0
DA:1715,0
DA:1718,0
DA:1719,0
DA:1721,0
DA:1727,0
DA:1735,0
DA:1739,0
DA:1742,0
DA:1743,0
DA:1744,0
DA:1747,0
DA:1748,0
DA:1749,0
DA:1750,0
DA:1752,0
DA:1753,0
DA:1754,0
DA:1755,0
DA:1757,0
DA:1760,0
DA:1761,0
DA:1765,0
DA:1766,0
DA:1767,0
DA:1771,0
DA:1772,0
DA:1775,0
DA:1781,0
DA:1782,0
DA:1784,0
DA:1786,0
DA:1787,0
DA:1789,0
DA:1790,0
DA:1791,0
DA:1792,0
DA:1793,0
DA:1794,0
DA:1798,0
DA:1803,0
DA:1804,0
DA:1805,0
DA:1806,0
DA:1811,0
DA:1815,0
DA:1826,0
DA:1828,0
DA:1829,0
DA:1831,0
DA:1832,0
DA:1835,0
DA:1836,0
DA:1837,0
DA:1840,0
DA:1848,0
DA:1849,0
DA:1852,0
DA:1853,0
DA:1854,0
DA:1855,0
DA:1858,0
DA:1862,0
DA:1863,0
DA:1865,0
DA:1866,0
DA:1868,0
DA:1869,0
DA:1871,0
DA:1872,0
DA:1873,0
DA:1875,0
DA:1878,0
DA:1879,0
DA:1880,0
DA:1882,0
DA:1884,0
DA:1885,0
DA:1888,0
DA:1889,0
DA:1890,0
DA:1891,0
DA:1892,0
DA:1893,0
DA:1899,0
DA:1900,0
DA:1901,0
DA:1903,0
DA:1905,0
DA:1906,0
DA:1908,0
DA:1910,0
DA:1911,0
DA:1912,0
DA:1913,0
DA:1914,0
DA:1915,0
DA:1918,0
DA:1919,0
DA:1920,0
DA:1921,0
DA:1922,0
DA:1923,0
DA:1924,0
DA:1927,0
DA:1929,0
DA:1931,0
DA:1936,0
DA:1937,0
DA:1938,0
DA:1939,0
DA:1940,0
DA:1941,0
DA:1942,0
DA:1943,0
DA:1948,0
DA:1950,0
DA:1953,0
DA:1963,0
DA:1965,0
DA:1966,0
DA:1979,0
DA:1980,0
DA:1984,0
DA:1988,0
DA:1991,0
DA:1992,0
DA:1993,0
DA:1996,0
DA:1997,0
DA:1998,0
DA:1999,0
DA:2001,0
DA:2002,0
DA:2003,0
DA:2004,0
DA:2006,0
DA:2009,0
DA:2010,0
DA:2014,0
DA:2015,0
DA:2019,0
DA:2020,0
DA:2023,0
DA:2028,0
DA:2039,0
DA:2041,0
DA:2042,0
DA:2044,0
DA:2045,0
DA:2048,0
DA:2049,0
DA:2050,0
DA:2053,0
DA:2054,0
DA:2058,0
DA:2059,0
DA:2063,0
DA:2064,0
DA:2065,0
DA:2070,0
DA:2071,0
DA:2072,0
DA:2073,0
DA:2074,0
DA:2075,0
DA:2076,0
DA:2081,0
DA:2086,0
DA:2087,0
DA:2088,0
DA:2089,0
DA:2090,0
DA:2093,0
DA:2096,0
DA:2097,0
DA:2098,0
DA:2099,0
DA:2100,0
DA:2101,0
DA:2108,0
DA:2122,0
DA:2125,0
DA:2126,0
DA:2127,0
DA:2129,0
DA:2131,0
DA:2132,0
DA:2133,0
DA:2134,0
DA:2147,0
DA:2148,0
DA:2151,0
DA:2152,0
DA:2156,0
DA:2158,0
DA:2159,0
DA:2160,0
DA:2162,0
DA:2163,0
DA:2166,0
DA:2167,0
DA:2168,0
DA:2171,0
DA:2172,0
DA:2175,0
DA:2176,0
DA:2177,0
DA:2178,0
DA:2179,0
DA:2180,0
DA:2181,0
DA:2182,0
DA:2187,0
DA:2190,0
DA:2191,0
DA:2192,0
DA:2196,0
DA:2197,0
DA:2200,0
DA:2204,0
DA:2216,0
DA:2219,0
DA:2223,0
DA:2229,0
DA:2230,0
DA:2231,0
DA:2234,0
DA:2235,0
DA:2241,0
DA:2242,0
DA:2243,0
DA:2244,0
DA:2247,0
DA:2248,0
DA:2249,0
DA:2250,0
DA:2251,0
DA:2252,0
DA:2263,0
DA:2264,0
DA:2268,0
DA:2269,0
DA:2270,0
DA:2273,0
DA:2277,0
DA:2278,0
DA:2279,0
DA:2280,0
DA:2282,0
DA:2283,0
DA:2286,0
DA:2287,0
DA:2288,0
DA:2291,0
DA:2292,0
DA:2293,0
DA:2296,0
DA:2297,0
DA:2298,0
DA:2299,0
DA:2300,0
DA:2301,0
DA:2308,0
DA:2318,0
DA:2321,0
DA:2322,0
DA:2323,0
DA:2327,0
DA:2328,0
DA:2329,0
DA:2332,0
DA:2333,0
DA:2335,0
DA:2339,0
DA:2340,0
DA:2341,0
DA:2342,0
DA:2343,0
DA:2344,0
DA:2345,0
DA:2356,0
DA:2360,0
DA:2361,0
DA:2362,0
DA:2363,0
DA:2365,0
DA:2366,0
DA:2369,0
DA:2370,0
DA:2371,0
DA:2374,0
DA:2375,0
DA:2376,0
DA:2387,0
DA:2390,0
DA:2391,0
DA:2392,0
DA:2396,0
DA:2400,0
DA:2402,0
DA:2403,0
DA:2404,0
DA:2405,0
DA:2406,0
DA:2407,0
DA:2418,0
DA:2422,0
DA:2423,0
DA:2424,0
DA:2425,0
DA:2427,0
DA:2428,0
DA:2431,0
DA:2432,0
DA:2433,0
DA:2436,0
DA:2437,0
DA:2440,0
DA:2441,0
DA:2442,0
DA:2443,0
DA:2444,0
DA:2445,0
DA:2446,0
DA:2453,0
DA:2467,0
DA:2470,0
DA:2471,0
DA:2472,0
DA:2478,0
DA:2479,0
DA:2480,0
DA:2481,0
DA:2483,0
DA:2487,0
DA:2504,0
DA:2505,0
DA:2506,0
DA:2509,0
DA:2510,0
DA:2512,0
DA:2514,0
DA:2515,0
DA:2517,0
DA:2520,0
DA:2522,0
DA:2531,0
DA:2532,0
DA:2534,0
DA:2538,0
DA:2539,0
DA:2545,0
DA:2546,0
DA:2548,0
DA:2551,0
DA:2552,0
DA:2560,0
DA:2562,0
DA:2563,0
DA:2572,0
DA:2573,0
DA:2574,0
DA:2575,0
DA:2586,0
DA:2587,0
DA:2594,0
DA:2606,0
DA:2610,0
DA:2611,0
DA:2612,0
DA:2613,0
DA:2614,0
DA:2616,0
DA:2630,0
DA:2635,0
DA:2636,0
DA:2637,0
DA:2638,0
DA:2647,0
DA:2648,0
DA:2650,0
DA:2652,0
DA:2653,0
DA:2661,0
DA:2662,0
DA:2663,0
DA:2670,0
DA:2671,0
DA:2672,0
DA:2673,0
DA:2674,0
DA:2675,0
DA:2682,0
DA:2687,0
DA:2688,0
DA:2690,0
DA:2693,0
DA:2703,0
DA:2706,0
DA:2723,0
DA:2725,0
DA:2743,0
DA:2744,0
DA:2745,0
DA:2749,0
DA:2758,0
DA:2784,0
DA:2785,0
DA:2786,0
DA:2787,0
DA:2791,0
DA:2792,0
DA:2793,0
DA:2795,0
DA:2796,0
DA:2798,0
DA:2800,0
DA:2801,0
DA:2803,0
DA:2804,0
DA:2805,0
DA:2806,0
DA:2807,0
DA:2809,0
DA:2810,0
DA:2813,0
DA:2814,0
DA:2815,0
DA:2816,0
DA:2817,0
DA:2819,0
DA:2820,0
DA:2822,0
DA:2823,0
DA:2826,0
DA:2832,0
DA:2833,0
DA:2835,0
DA:2838,0
DA:2839,0
DA:2840,0
DA:2850,0
DA:2851,0
DA:2852,0
DA:2858,0
DA:2863,0
DA:2866,0
DA:2867,0
DA:2886,0
DA:2887,0
DA:2888,0
DA:2892,0
DA:2903,0
DA:2904,0
DA:2905,0
DA:2906,0
DA:2907,0
DA:2908,0
DA:2911,0
DA:2936,0
DA:2939,0
DA:2944,0
DA:2960,0
DA:2961,0
DA:2967,0
DA:2969,0
DA:2971,0
DA:2972,0
DA:2977,0
DA:2979,0
DA:2980,0
DA:2981,0
DA:2985,0
DA:2994,0
LF:1204
LH:0
BRDA:20,0,0,0
BRDA:20,0,1,0
BRDA:23,1,0,0
BRDA:23,1,1,0
BRDA:36,2,0,0
BRDA:36,2,1,0
BRDA:61,3,0,0
BRDA:61,3,1,0
BRDA:64,4,0,0
BRDA:64,4,1,0
BRDA:65,5,0,0
BRDA:65,5,1,0
BRDA:78,6,0,0
BRDA:78,6,1,0
BRDA:78,7,0,0
BRDA:78,7,1,0
BRDA:78,7,2,0
BRDA:96,8,0,0
BRDA:96,8,1,0
BRDA:109,9,0,0
BRDA:109,9,1,0
BRDA:115,10,0,0
BRDA:115,10,1,0
BRDA:125,11,0,0
BRDA:125,11,1,0
BRDA:134,12,0,0
BRDA:134,12,1,0
BRDA:134,13,0,0
BRDA:134,13,1,0
BRDA:139,14,0,0
BRDA:139,14,1,0
BRDA:141,15,0,0
BRDA:141,15,1,0
BRDA:142,16,0,0
BRDA:142,16,1,0
BRDA:143,17,0,0
BRDA:143,17,1,0
BRDA:152,18,0,0
BRDA:152,18,1,0
BRDA:154,19,0,0
BRDA:154,19,1,0
BRDA:156,20,0,0
BRDA:156,20,1,0
BRDA:170,21,0,0
BRDA:170,21,1,0
BRDA:176,22,0,0
BRDA:176,22,1,0
BRDA:176,23,0,0
BRDA:176,23,1,0
BRDA:176,23,2,0
BRDA:191,24,0,0
BRDA:191,24,1,0
BRDA:193,25,0,0
BRDA:193,25,1,0
BRDA:194,26,0,0
BRDA:194,26,1,0
BRDA:195,27,0,0
BRDA:195,27,1,0
BRDA:202,28,0,0
BRDA:202,28,1,0
BRDA:204,29,0,0
BRDA:204,29,1,0
BRDA:205,30,0,0
BRDA:205,30,1,0
BRDA:206,31,0,0
BRDA:206,31,1,0
BRDA:213,32,0,0
BRDA:213,32,1,0
BRDA:215,33,0,0
BRDA:215,33,1,0
BRDA:216,34,0,0
BRDA:216,34,1,0
BRDA:217,35,0,0
BRDA:217,35,1,0
BRDA:217,36,0,0
BRDA:217,36,1,0
BRDA:224,37,0,0
BRDA:224,37,1,0
BRDA:226,38,0,0
BRDA:226,38,1,0
BRDA:232,39,0,0
BRDA:232,39,1,0
BRDA:232,40,0,0
BRDA:232,40,1,0
BRDA:235,41,0,0
BRDA:235,41,1,0
BRDA:236,42,0,0
BRDA:236,42,1,0
BRDA:247,43,0,0
BRDA:247,43,1,0
BRDA:249,44,0,0
BRDA:249,44,1,0
BRDA:251,45,0,0
BRDA:251,45,1,0
BRDA:253,46,0,0
BRDA:253,46,1,0
BRDA:254,47,0,0
BRDA:254,47,1,0
BRDA:257,48,0,0
BRDA:257,48,1,0
BRDA:260,49,0,0
BRDA:260,49,1,0
BRDA:260,50,0,0
BRDA:260,50,1,0
BRDA:282,51,0,0
BRDA:282,51,1,0
BRDA:294,52,0,0
BRDA:294,52,1,0
BRDA:294,53,0,0
BRDA:294,53,1,0
BRDA:311,54,0,0
BRDA:311,54,1,0
BRDA:311,55,0,0
BRDA:311,55,1,0
BRDA:324,56,0,0
BRDA:324,56,1,0
BRDA:333,57,0,0
BRDA:333,57,1,0
BRDA:337,58,0,0
BRDA:337,58,1,0
BRDA:346,59,0,0
BRDA:346,59,1,0
BRDA:349,60,0,0
BRDA:349,60,1,0
BRDA:374,61,0,0
BRDA:374,61,1,0
BRDA:382,62,0,0
BRDA:382,62,1,0
BRDA:395,63,0,0
BRDA:395,63,1,0
BRDA:395,64,0,0
BRDA:395,64,1,0
BRDA:408,65,0,0
BRDA:408,65,1,0
BRDA:408,66,0,0
BRDA:408,66,1,0
BRDA:412,67,0,0
BRDA:412,67,1,0
BRDA:418,68,0,0
BRDA:418,68,1,0
BRDA:431,69,0,0
BRDA:431,69,1,0
BRDA:431,70,0,0
BRDA:431,70,1,0
BRDA:439,71,0,0
BRDA:439,71,1,0
BRDA:462,72,0,0
BRDA:462,72,1,0
BRDA:471,73,0,0
BRDA:471,74,0,0
BRDA:472,75,0,0
BRDA:472,75,1,0
BRDA:478,76,0,0
BRDA:478,76,1,0
BRDA:478,77,0,0
BRDA:478,77,1,0
BRDA:488,78,0,0
BRDA:488,78,1,0
BRDA:488,78,2,0
BRDA:488,78,3,0
BRDA:490,79,0,0
BRDA:490,79,1,0
BRDA:490,80,0,0
BRDA:490,80,1,0
BRDA:490,80,2,0
BRDA:502,81,0,0
BRDA:502,81,1,0
BRDA:502,82,0,0
BRDA:502,82,1,0
BRDA:505,83,0,0
BRDA:505,83,1,0
BRDA:505,84,0,0
BRDA:505,84,1,0
BRDA:505,84,2,0
BRDA:517,85,0,0
BRDA:517,85,1,0
BRDA:517,86,0,0
BRDA:517,86,1,0
BRDA:526,87,0,0
BRDA:526,87,1,0
BRDA:538,88,0,0
BRDA:538,88,1,0
BRDA:541,89,0,0
BRDA:541,89,1,0
BRDA:541,90,0,0
BRDA:541,90,1,0
BRDA:547,91,0,0
BRDA:547,91,1,0
BRDA:548,92,0,0
BRDA:548,92,1,0
BRDA:549,93,0,0
BRDA:549,93,1,0
BRDA:554,94,0,0
BRDA:554,94,1,0
BRDA:555,95,0,0
BRDA:555,95,1,0
BRDA:556,96,0,0
BRDA:556,96,1,0
BRDA:572,97,0,0
BRDA:572,97,1,0
BRDA:572,97,2,0
BRDA:577,98,0,0
BRDA:577,98,1,0
BRDA:594,99,0,0
BRDA:594,99,1,0
BRDA:599,100,0,0
BRDA:599,100,1,0
BRDA:619,101,0,0
BRDA:619,101,1,0
BRDA:638,102,0,0
BRDA:638,102,1,0
BRDA:638,103,0,0
BRDA:638,103,1,0
BRDA:651,104,0,0
BRDA:651,104,1,0
BRDA:653,105,0,0
BRDA:653,105,1,0
BRDA:654,106,0,0
BRDA:654,106,1,0
BRDA:668,107,0,0
BRDA:668,107,1,0
BRDA:671,108,0,0
BRDA:671,108,1,0
BRDA:685,109,0,0
BRDA:685,109,1,0
BRDA:688,110,0,0
BRDA:688,110,1,0
BRDA:717,111,0,0
BRDA:717,111,1,0
BRDA:729,112,0,0
BRDA:729,112,1,0
BRDA:730,113,0,0
BRDA:730,113,1,0
BRDA:731,114,0,0
BRDA:731,114,1,0
BRDA:734,115,0,0
BRDA:734,115,1,0
BRDA:734,116,0,0
BRDA:734,116,1,0
BRDA:737,117,0,0
BRDA:737,117,1,0
BRDA:739,118,0,0
BRDA:739,118,1,0
BRDA:757,119,0,0
BRDA:757,119,1,0
BRDA:758,120,0,0
BRDA:758,120,1,0
BRDA:768,121,0,0
BRDA:768,121,1,0
BRDA:768,122,0,0
BRDA:768,122,1,0
BRDA:774,123,0,0
BRDA:774,123,1,0
BRDA:774,124,0,0
BRDA:774,124,1,0
BRDA:774,124,2,0
BRDA:780,125,0,0
BRDA:780,125,1,0
BRDA:780,126,0,0
BRDA:780,126,1,0
BRDA:783,127,0,0
BRDA:783,127,1,0
BRDA:786,128,0,0
BRDA:786,128,1,0
BRDA:795,129,0,0
BRDA:795,129,1,0
BRDA:799,130,0,0
BRDA:799,130,1,0
BRDA:802,131,0,0
BRDA:802,131,1,0
BRDA:802,132,0,0
BRDA:802,132,1,0
BRDA:804,133,0,0
BRDA:804,133,1,0
BRDA:808,134,0,0
BRDA:808,134,1,0
BRDA:808,135,0,0
BRDA:808,135,1,0
BRDA:817,136,0,0
BRDA:817,136,1,0
BRDA:817,137,0,0
BRDA:817,137,1,0
BRDA:820,138,0,0
BRDA:820,138,1,0
BRDA:820,139,0,0
BRDA:820,139,1,0
BRDA:822,140,0,0
BRDA:822,140,1,0
BRDA:826,141,0,0
BRDA:826,141,1,0
BRDA:826,142,0,0
BRDA:826,142,1,0
BRDA:833,143,0,0
BRDA:833,143,1,0
BRDA:837,144,0,0
BRDA:837,144,1,0
BRDA:863,145,0,0
BRDA:863,145,1,0
BRDA:875,146,0,0
BRDA:875,146,1,0
BRDA:883,147,0,0
BRDA:883,147,1,0
BRDA:883,148,0,0
BRDA:883,148,1,0
BRDA:891,149,0,0
BRDA:891,149,1,0
BRDA:891,150,0,0
BRDA:891,150,1,0
BRDA:899,151,0,0
BRDA:899,151,1,0
BRDA:899,152,0,0
BRDA:899,152,1,0
BRDA:899,152,2,0
BRDA:907,153,0,0
BRDA:907,153,1,0
BRDA:907,154,0,0
BRDA:907,154,1,0
BRDA:909,155,0,0
BRDA:909,155,1,0
BRDA:911,156,0,0
BRDA:911,156,1,0
BRDA:911,156,2,0
BRDA:934,157,0,0
BRDA:934,157,1,0
BRDA:938,158,0,0
BRDA:938,158,1,0
BRDA:940,159,0,0
BRDA:940,159,1,0
BRDA:963,160,0,0
BRDA:963,160,1,0
BRDA:963,161,0,0
BRDA:963,161,1,0
BRDA:964,162,0,0
BRDA:964,162,1,0
BRDA:969,163,0,0
BRDA:969,163,1,0
BRDA:969,164,0,0
BRDA:969,164,1,0
BRDA:970,165,0,0
BRDA:970,165,1,0
BRDA:977,166,0,0
BRDA:977,166,1,0
BRDA:977,167,0,0
BRDA:977,167,1,0
BRDA:978,168,0,0
BRDA:978,168,1,0
BRDA:981,169,0,0
BRDA:981,169,1,0
BRDA:981,169,2,0
BRDA:981,169,3,0
BRDA:981,169,4,0
BRDA:1001,170,0,0
BRDA:1001,170,1,0
BRDA:1007,171,0,0
BRDA:1007,171,1,0
BRDA:1010,172,0,0
BRDA:1010,172,1,0
BRDA:1010,172,2,0
BRDA:1011,173,0,0
BRDA:1011,173,1,0
BRDA:1011,174,0,0
BRDA:1011,174,1,0
BRDA:1011,174,2,0
BRDA:1017,175,0,0
BRDA:1017,175,1,0
BRDA:1023,176,0,0
BRDA:1023,176,1,0
BRDA:1023,176,2,0
BRDA:1057,177,0,0
BRDA:1057,177,1,0
BRDA:1058,178,0,0
BRDA:1058,178,1,0
BRDA:1063,179,0,0
BRDA:1063,179,1,0
BRDA:1082,180,0,0
BRDA:1082,180,1,0
BRDA:1083,181,0,0
BRDA:1083,181,1,0
BRDA:1097,182,0,0
BRDA:1097,182,1,0
BRDA:1099,183,0,0
BRDA:1099,183,1,0
BRDA:1099,184,0,0
BRDA:1099,184,1,0
BRDA:1102,185,0,0
BRDA:1102,185,1,0
BRDA:1102,186,0,0
BRDA:1102,186,1,0
BRDA:1103,187,0,0
BRDA:1103,187,1,0
BRDA:1106,188,0,0
BRDA:1106,188,1,0
BRDA:1106,189,0,0
BRDA:1106,189,1,0
BRDA:1118,190,0,0
BRDA:1118,190,1,0
BRDA:1121,191,0,0
BRDA:1121,191,1,0
BRDA:1121,192,0,0
BRDA:1121,192,1,0
BRDA:1122,193,0,0
BRDA:1122,193,1,0
BRDA:1125,194,0,0
BRDA:1125,194,1,0
BRDA:1125,195,0,0
BRDA:1125,195,1,0
BRDA:1128,196,0,0
BRDA:1128,196,1,0
BRDA:1141,197,0,0
BRDA:1141,197,1,0
BRDA:1142,198,0,0
BRDA:1142,198,1,0
BRDA:1142,199,0,0
BRDA:1142,199,1,0
BRDA:1143,200,0,0
BRDA:1143,200,1,0
BRDA:1145,201,0,0
BRDA:1145,201,1,0
BRDA:1146,202,0,0
BRDA:1146,202,1,0
BRDA:1157,203,0,0
BRDA:1157,203,1,0
BRDA:1158,204,0,0
BRDA:1158,204,1,0
BRDA:1159,205,0,0
BRDA:1159,205,1,0
BRDA:1160,206,0,0
BRDA:1160,206,1,0
BRDA:1162,207,0,0
BRDA:1162,207,1,0
BRDA:1162,207,2,0
BRDA:1162,207,3,0
BRDA:1165,208,0,0
BRDA:1165,208,1,0
BRDA:1165,209,0,0
BRDA:1165,209,1,0
BRDA:1168,210,0,0
BRDA:1168,210,1,0
BRDA:1170,211,0,0
BRDA:1170,211,1,0
BRDA:1171,212,0,0
BRDA:1171,212,1,0
BRDA:1174,213,0,0
BRDA:1174,213,1,0
BRDA:1177,214,0,0
BRDA:1177,214,1,0
BRDA:1180,215,0,0
BRDA:1180,215,1,0
BRDA:1185,216,0,0
BRDA:1185,216,1,0
BRDA:1196,217,0,0
BRDA:1196,217,1,0
BRDA:1196,218,0,0
BRDA:1196,218,1,0
BRDA:1197,219,0,0
BRDA:1197,219,1,0
BRDA:1200,220,0,0
BRDA:1200,220,1,0
BRDA:1201,221,0,0
BRDA:1201,221,1,0
BRDA:1202,222,0,0
BRDA:1202,222,1,0
BRDA:1202,223,0,0
BRDA:1202,223,1,0
BRDA:1203,224,0,0
BRDA:1203,224,1,0
BRDA:1204,225,0,0
BRDA:1204,225,1,0
BRDA:1206,226,0,0
BRDA:1206,226,1,0
BRDA:1209,227,0,0
BRDA:1209,227,1,0
BRDA:1217,228,0,0
BRDA:1217,228,1,0
BRDA:1228,229,0,0
BRDA:1228,229,1,0
BRDA:1233,230,0,0
BRDA:1233,230,1,0
BRDA:1234,231,0,0
BRDA:1234,231,1,0
BRDA:1242,232,0,0
BRDA:1242,232,1,0
BRDA:1242,233,0,0
BRDA:1242,233,1,0
BRDA:1244,234,0,0
BRDA:1244,234,1,0
BRDA:1266,235,0,0
BRDA:1266,235,1,0
BRDA:1267,236,0,0
BRDA:1267,236,1,0
BRDA:1268,237,0,0
BRDA:1268,237,1,0
BRDA:1273,238,0,0
BRDA:1273,238,1,0
BRDA:1275,239,0,0
BRDA:1275,239,1,0
BRDA:1281,240,0,0
BRDA:1281,240,1,0
BRDA:1289,241,0,0
BRDA:1289,241,1,0
BRDA:1289,242,0,0
BRDA:1289,242,1,0
BRDA:1290,243,0,0
BRDA:1290,243,1,0
BRDA:1295,244,0,0
BRDA:1295,244,1,0
BRDA:1299,245,0,0
BRDA:1299,245,1,0
BRDA:1305,246,0,0
BRDA:1305,246,1,0
BRDA:1306,247,0,0
BRDA:1306,247,1,0
BRDA:1307,248,0,0
BRDA:1307,248,1,0
BRDA:1308,249,0,0
BRDA:1308,249,1,0
BRDA:1308,250,0,0
BRDA:1308,250,1,0
BRDA:1308,251,0,0
BRDA:1308,251,1,0
BRDA:1310,252,0,0
BRDA:1310,252,1,0
BRDA:1325,253,0,0
BRDA:1325,253,1,0
BRDA:1325,254,0,0
BRDA:1325,254,1,0
BRDA:1332,255,0,0
BRDA:1332,255,1,0
BRDA:1333,256,0,0
BRDA:1333,256,1,0
BRDA:1351,257,0,0
BRDA:1351,257,1,0
BRDA:1351,258,0,0
BRDA:1351,258,1,0
BRDA:1352,259,0,0
BRDA:1352,259,1,0
BRDA:1358,260,0,0
BRDA:1358,260,1,0
BRDA:1361,261,0,0
BRDA:1361,261,1,0
BRDA:1362,262,0,0
BRDA:1362,262,1,0
BRDA:1363,263,0,0
BRDA:1363,263,1,0
BRDA:1363,264,0,0
BRDA:1363,264,1,0
BRDA:1366,265,0,0
BRDA:1366,265,1,0
BRDA:1367,266,0,0
BRDA:1367,266,1,0
BRDA:1368,267,0,0
BRDA:1368,267,1,0
BRDA:1369,268,0,0
BRDA:1369,268,1,0
BRDA:1370,269,0,0
BRDA:1370,269,1,0
BRDA:1371,270,0,0
BRDA:1371,270,1,0
BRDA:1374,271,0,0
BRDA:1374,271,1,0
BRDA:1390,272,0,0
BRDA:1390,272,1,0
BRDA:1391,273,0,0
BRDA:1391,273,1,0
BRDA:1396,274,0,0
BRDA:1396,274,1,0
BRDA:1397,275,0,0
BRDA:1397,275,1,0
BRDA:1399,276,0,0
BRDA:1399,276,1,0
BRDA:1432,277,0,0
BRDA:1432,277,1,0
BRDA:1441,278,0,0
BRDA:1441,278,1,0
BRDA:1441,279,0,0
BRDA:1441,279,1,0
BRDA:1451,280,0,0
BRDA:1451,280,1,0
BRDA:1451,281,0,0
BRDA:1451,281,1,0
BRDA:1451,281,2,0
BRDA:1460,282,0,0
BRDA:1460,282,1,0
BRDA:1460,283,0,0
BRDA:1460,283,1,0
BRDA:1462,284,0,0
BRDA:1462,284,1,0
BRDA:1467,285,0,0
BRDA:1467,285,1,0
BRDA:1467,285,2,0
BRDA:1476,286,0,0
BRDA:1476,286,1,0
BRDA:1476,287,0,0
BRDA:1476,287,1,0
BRDA:1478,288,0,0
BRDA:1478,288,1,0
BRDA:1480,289,0,0
BRDA:1480,289,1,0
BRDA:1511,290,0,0
BRDA:1511,290,1,0
BRDA:1511,291,0,0
BRDA:1511,291,1,0
BRDA:1516,292,0,0
BRDA:1516,292,1,0
BRDA:1516,293,0,0
BRDA:1516,293,1,0
BRDA:1524,294,0,0
BRDA:1524,294,1,0
BRDA:1530,295,0,0
BRDA:1530,295,1,0
BRDA:1530,296,0,0
BRDA:1530,296,1,0
BRDA:1536,297,0,0
BRDA:1536,297,1,0
BRDA:1541,298,0,0
BRDA:1541,298,1,0
BRDA:1543,299,0,0
BRDA:1543,299,1,0
BRDA:1545,300,0,0
BRDA:1545,300,1,0
BRDA:1557,301,0,0
BRDA:1557,301,1,0
BRDA:1557,302,0,0
BRDA:1557,302,1,0
BRDA:1557,302,2,0
BRDA:1564,303,0,0
BRDA:1564,303,1,0
BRDA:1564,304,0,0
BRDA:1564,304,1,0
BRDA:1567,305,0,0
BRDA:1567,305,1,0
BRDA:1569,306,0,0
BRDA:1569,306,1,0
BRDA:1590,307,0,0
BRDA:1590,307,1,0
BRDA:1600,308,0,0
BRDA:1600,308,1,0
BRDA:1620,309,0,0
BRDA:1620,309,1,0
BRDA:1620,310,0,0
BRDA:1620,310,1,0
BRDA:1628,311,0,0
BRDA:1628,311,1,0
BRDA:1629,312,0,0
BRDA:1629,312,1,0
BRDA:1643,313,0,0
BRDA:1643,313,1,0
BRDA:1646,314,0,0
BRDA:1646,314,1,0
BRDA:1646,315,0,0
BRDA:1646,315,1,0
BRDA:1646,315,2,0
BRDA:1662,316,0,0
BRDA:1662,316,1,0
BRDA:1662,316,2,0
BRDA:1672,317,0,0
BRDA:1672,317,1,0
BRDA:1687,318,0,0
BRDA:1687,318,1,0
BRDA:1687,319,0,0
BRDA:1687,319,1,0
BRDA:1692,320,0,0
BRDA:1692,320,1,0
BRDA:1692,321,0,0
BRDA:1692,321,1,0
BRDA:1700,322,0,0
BRDA:1700,322,1,0
BRDA:1700,323,0,0
BRDA:1700,323,1,0
BRDA:1702,324,0,0
BRDA:1702,324,1,0
BRDA:1706,325,0,0
BRDA:1706,325,1,0
BRDA:1706,325,2,0
BRDA:1706,325,3,0
BRDA:1706,325,4,0
BRDA:1706,325,5,0
BRDA:1706,325,6,0
BRDA:1706,325,7,0
BRDA:1732,326,0,0
BRDA:1732,326,1,0
BRDA:1739,327,0,0
BRDA:1739,327,1,0
BRDA:1742,328,0,0
BRDA:1742,328,1,0
BRDA:1742,329,0,0
BRDA:1742,329,1,0
BRDA:1742,329,2,0
BRDA:1755,330,0,0
BRDA:1755,330,1,0
BRDA:1760,331,0,0
BRDA:1760,331,1,0
BRDA:1765,332,0,0
BRDA:1765,332,1,0
BRDA:1771,333,0,0
BRDA:1771,333,1,0
BRDA:1781,334,0,0
BRDA:1781,334,1,0
BRDA:1781,335,0,0
BRDA:1781,335,1,0
BRDA:1781,335,2,0
BRDA:1781,335,3,0
BRDA:1789,336,0,0
BRDA:1789,336,1,0
BRDA:1792,337,0,0
BRDA:1792,337,1,0
BRDA:1792,338,0,0
BRDA:1792,338,1,0
BRDA:1803,339,0,0
BRDA:1803,339,1,0
BRDA:1803,340,0,0
BRDA:1803,340,1,0
BRDA:1826,341,0,0
BRDA:1826,341,1,0
BRDA:1844,342,0,0
BRDA:1844,342,1,0
BRDA:1845,343,0,0
BRDA:1845,343,1,0
BRDA:1848,344,0,0
BRDA:1848,344,1,0
BRDA:1853,345,0,0
BRDA:1853,345,1,0
BRDA:1858,346,0,0
BRDA:1858,346,1,0
BRDA:1863,347,0,0
BRDA:1863,347,1,0
BRDA:1866,348,0,0
BRDA:1866,348,1,0
BRDA:1869,349,0,0
BRDA:1869,349,1,0
BRDA:1872,350,0,0
BRDA:1872,350,1,0
BRDA:1878,351,0,0
BRDA:1878,351,1,0
BRDA:1879,352,0,0
BRDA:1879,352,1,0
BRDA:1880,353,0,0
BRDA:1880,353,1,0
BRDA:1882,354,0,0
BRDA:1882,354,1,0
BRDA:1882,355,0,0
BRDA:1882,355,1,0
BRDA:1889,356,0,0
BRDA:1889,356,1,0
BRDA:1890,357,0,0
BRDA:1890,357,1,0
BRDA:1892,358,0,0
BRDA:1892,358,1,0
BRDA:1901,359,0,0
BRDA:1901,359,1,0
BRDA:1906,360,0,0
BRDA:1906,360,1,0
BRDA:1908,361,0,0
BRDA:1908,361,1,0
BRDA:1908,362,0,0
BRDA:1908,362,1,0
BRDA:1911,363,0,0
BRDA:1911,363,1,0
BRDA:1912,364,0,0
BRDA:1912,364,1,0
BRDA:1915,365,0,0
BRDA:1915,365,1,0
BRDA:1918,366,0,0
BRDA:1918,366,1,0
BRDA:1918,367,0,0
BRDA:1918,367,1,0
BRDA:1920,368,0,0
BRDA:1920,368,1,0
BRDA:1920,369,0,0
BRDA:1920,369,1,0
BRDA:1921,370,0,0
BRDA:1921,370,1,0
BRDA:1921,371,0,0
BRDA:1921,371,1,0
BRDA:1922,372,0,0
BRDA:1922,372,1,0
BRDA:1922,373,0,0
BRDA:1922,373,1,0
BRDA:1924,374,0,0
BRDA:1924,374,1,0
BRDA:1929,375,0,0
BRDA:1929,375,1,0
BRDA:1936,376,0,0
BRDA:1936,376,1,0
BRDA:1939,377,0,0
BRDA:1939,377,1,0
BRDA:1939,378,0,0
BRDA:1939,378,1,0
BRDA:1939,378,2,0
BRDA:1939,378,3,0
BRDA:1940,379,0,0
BRDA:1940,379,1,0
BRDA:1940,380,0,0
BRDA:1940,380,1,0
BRDA:1941,381,0,0
BRDA:1941,381,1,0
BRDA:1942,382,0,0
BRDA:1942,382,1,0
BRDA:1950,383,0,0
BRDA:1950,383,1,0
BRDA:1950,384,0,0
BRDA:1950,384,1,0
BRDA:1963,385,0,0
BRDA:1963,385,1,0
BRDA:1979,386,0,0
BRDA:1979,386,1,0
BRDA:1979,387,0,0
BRDA:1979,387,1,0
BRDA:1988,388,0,0
BRDA:1988,388,1,0
BRDA:1991,389,0,0
BRDA:1991,389,1,0
BRDA:1991,390,0,0
BRDA:1991,390,1,0
BRDA:1991,390,2,0
BRDA:2004,391,0,0
BRDA:2004,391,1,0
BRDA:2009,392,0,0
BRDA:2009,392,1,0
BRDA:2014,393,0,0
BRDA:2014,393,1,0
BRDA:2019,394,0,0
BRDA:2019,394,1,0
BRDA:2039,395,0,0
BRDA:2039,395,1,0
BRDA:2053,396,0,0
BRDA:2053,396,1,0
BRDA:2054,397,0,0
BRDA:2054,397,1,0
BRDA:2058,398,0,0
BRDA:2058,398,1,0
BRDA:2059,399,0,0
BRDA:2059,399,1,0
BRDA:2060,400,0,0
BRDA:2060,400,1,0
BRDA:2060,401,0,0
BRDA:2060,401,1,0
BRDA:2063,402,0,0
BRDA:2063,402,1,0
BRDA:2063,403,0,0
BRDA:2063,403,1,0
BRDA:2070,404,0,0
BRDA:2070,404,1,0
BRDA:2071,405,0,0
BRDA:2071,405,1,0
BRDA:2087,406,0,0
BRDA:2087,406,1,0
BRDA:2089,407,0,0
BRDA:2089,407,1,0
BRDA:2093,408,0,0
BRDA:2093,408,1,0
BRDA:2097,409,0,0
BRDA:2097,409,1,0
BRDA:2097,410,0,0
BRDA:2097,410,1,0
BRDA:2097,410,2,0
BRDA:2113,411,0,0
BRDA:2113,411,1,0
BRDA:2114,412,0,0
BRDA:2114,412,1,0
BRDA:2116,413,0,0
BRDA:2116,413,1,0
BRDA:2125,414,0,0
BRDA:2125,414,1,0
BRDA:2125,414,2,0
BRDA:2126,415,0,0
BRDA:2126,415,1,0
BRDA:2126,416,0,0
BRDA:2126,416,1,0
BRDA:2126,416,2,0
BRDA:2132,417,0,0
BRDA:2132,417,1,0
BRDA:2142,418,0,0
BRDA:2142,418,1,0
BRDA:2142,418,2,0
BRDA:2147,419,0,0
BRDA:2147,419,1,0
BRDA:2147,420,0,0
BRDA:2147,420,1,0
BRDA:2156,421,0,0
BRDA:2156,421,1,0
BRDA:2158,422,0,0
BRDA:2158,422,1,0
BRDA:2171,423,0,0
BRDA:2171,423,1,0
BRDA:2175,424,0,0
BRDA:2175,424,1,0
BRDA:2178,425,0,0
BRDA:2178,425,1,0
BRDA:2178,426,0,0
BRDA:2178,426,1,0
BRDA:2178,426,2,0
BRDA:2178,426,3,0
BRDA:2179,427,0,0
BRDA:2179,427,1,0
BRDA:2179,428,0,0
BRDA:2179,428,1,0
BRDA:2180,429,0,0
BRDA:2180,429,1,0
BRDA:2181,430,0,0
BRDA:2181,430,1,0
BRDA:2196,431,0,0
BRDA:2196,431,1,0
BRDA:2206,432,0,0
BRDA:2206,432,1,0
BRDA:2216,433,0,0
BRDA:2216,433,1,0
BRDA:2223,434,0,0
BRDA:2223,434,1,0
BRDA:2229,435,0,0
BRDA:2229,435,1,0
BRDA:2230,436,0,0
BRDA:2230,436,1,0
BRDA:2234,437,0,0
BRDA:2234,437,1,0
BRDA:2234,438,0,0
BRDA:2234,438,1,0
BRDA:2241,439,0,0
BRDA:2241,439,1,0
BRDA:2244,440,0,0
BRDA:2244,440,1,0
BRDA:2247,441,0,0
BRDA:2247,441,1,0
BRDA:2247,442,0,0
BRDA:2247,442,1,0
BRDA:2247,442,2,0
BRDA:2263,443,0,0
BRDA:2263,443,1,0
BRDA:2263,444,0,0
BRDA:2263,444,1,0
BRDA:2268,445,0,0
BRDA:2268,445,1,0
BRDA:2268,446,0,0
BRDA:2268,446,1,0
BRDA:2273,447,0,0
BRDA:2273,447,1,0
BRDA:2277,448,0,0
BRDA:2277,448,1,0
BRDA:2278,449,0,0
BRDA:2278,449,1,0
BRDA:2291,450,0,0
BRDA:2291,450,1,0
BRDA:2293,451,0,0
BRDA:2293,451,1,0
BRDA:2297,452,0,0
BRDA:2297,452,1,0
BRDA:2297,453,0,0
BRDA:2297,453,1,0
BRDA:2297,453,2,0
BRDA:2310,454,0,0
BRDA:2310,454,1,0
BRDA:2310,454,2,0
BRDA:2321,455,0,0
BRDA:2321,455,1,0
BRDA:2322,456,0,0
BRDA:2322,456,1,0
BRDA:2328,457,0,0
BRDA:2328,457,1,0
BRDA:2332,458,0,0
BRDA:2332,458,1,0
BRDA:2332,459,0,0
BRDA:2332,459,1,0
BRDA:2340,460,0,0
BRDA:2340,460,1,0
BRDA:2360,461,0,0
BRDA:2360,461,1,0
BRDA:2361,462,0,0
BRDA:2361,462,1,0
BRDA:2374,463,0,0
BRDA:2374,463,1,0
BRDA:2378,464,0,0
BRDA:2378,464,1,0
BRDA:2379,465,0,0
BRDA:2379,465,1,0
BRDA:2390,466,0,0
BRDA:2390,466,1,0
BRDA:2391,467,0,0
BRDA:2391,467,1,0
BRDA:2402,468,0,0
BRDA:2402,468,1,0
BRDA:2405,469,0,0
BRDA:2405,469,1,0
BRDA:2415,470,0,0
BRDA:2415,470,1,0
BRDA:2415,470,2,0
BRDA:2422,471,0,0
BRDA:2422,471,1,0
BRDA:2423,472,0,0
BRDA:2423,472,1,0
BRDA:2436,473,0,0
BRDA:2436,473,1,0
BRDA:2440,474,0,0
BRDA:2440,474,1,0
BRDA:2442,475,0,0
BRDA:2442,475,1,0
BRDA:2442,476,0,0
BRDA:2442,476,1,0
BRDA:2442,476,2,0
BRDA:2455,477,0,0
BRDA:2455,477,1,0
BRDA:2460,478,0,0
BRDA:2460,478,1,0
BRDA:2470,479,0,0
BRDA:2470,479,1,0
BRDA:2471,480,0,0
BRDA:2471,480,1,0
BRDA:2479,481,0,0
BRDA:2479,481,1,0
BRDA:2480,482,0,0
BRDA:2480,482,1,0
BRDA:2505,483,0,0
BRDA:2505,483,1,0
BRDA:2506,484,0,0
BRDA:2506,484,1,0
BRDA:2512,485,0,0
BRDA:2512,485,1,0
BRDA:2515,486,0,0
BRDA:2515,486,1,0
BRDA:2517,487,0,0
BRDA:2517,487,1,0
BRDA:2531,488,0,0
BRDA:2531,488,1,0
BRDA:2545,489,0,0
BRDA:2545,489,1,0
BRDA:2546,490,0,0
BRDA:2546,490,1,0
BRDA:2548,491,0,0
BRDA:2548,491,1,0
BRDA:2560,492,0,0
BRDA:2560,492,1,0
BRDA:2573,493,0,0
BRDA:2573,493,1,0
BRDA:2580,494,0,0
BRDA:2580,494,1,0
BRDA:2581,495,0,0
BRDA:2581,495,1,0
BRDA:2582,496,0,0
BRDA:2582,496,1,0
BRDA:2583,497,0,0
BRDA:2583,497,1,0
BRDA:2583,498,0,0
BRDA:2583,498,1,0
BRDA:2583,499,0,0
BRDA:2583,499,1,0
BRDA:2586,500,0,0
BRDA:2586,500,1,0
BRDA:2612,501,0,0
BRDA:2612,501,1,0
BRDA:2612,502,0,0
BRDA:2612,502,1,0
BRDA:2612,502,2,0
BRDA:2614,503,0,0
BRDA:2614,503,1,0
BRDA:2635,504,0,0
BRDA:2635,504,1,0
BRDA:2635,505,0,0
BRDA:2635,505,1,0
BRDA:2637,506,0,0
BRDA:2637,506,1,0
BRDA:2647,507,0,0
BRDA:2647,507,1,0
BRDA:2650,508,0,0
BRDA:2650,508,1,0
BRDA:2652,509,0,0
BRDA:2652,509,1,0
BRDA:2662,510,0,0
BRDA:2662,510,1,0
BRDA:2663,511,0,0
BRDA:2663,511,1,0
BRDA:2664,512,0,0
BRDA:2664,512,1,0
BRDA:2665,513,0,0
BRDA:2665,513,1,0
BRDA:2666,514,0,0
BRDA:2666,514,1,0
BRDA:2666,515,0,0
BRDA:2666,515,1,0
BRDA:2667,516,0,0
BRDA:2667,516,1,0
BRDA:2668,517,0,0
BRDA:2668,517,1,0
BRDA:2670,518,0,0
BRDA:2670,518,1,0
BRDA:2671,519,0,0
BRDA:2671,519,1,0
BRDA:2682,520,0,0
BRDA:2682,520,1,0
BRDA:2687,521,0,0
BRDA:2687,521,1,0
BRDA:2695,522,0,0
BRDA:2695,522,1,0
BRDA:2696,523,0,0
BRDA:2696,523,1,0
BRDA:2697,524,0,0
BRDA:2697,524,1,0
BRDA:2700,525,0,0
BRDA:2700,525,1,0
BRDA:2709,526,0,0
BRDA:2709,526,1,0
BRDA:2710,527,0,0
BRDA:2710,527,1,0
BRDA:2714,528,0,0
BRDA:2714,528,1,0
BRDA:2715,529,0,0
BRDA:2715,529,1,0
BRDA:2716,530,0,0
BRDA:2716,530,1,0
BRDA:2719,531,0,0
BRDA:2719,531,1,0
BRDA:2729,532,0,0
BRDA:2729,532,1,0
BRDA:2730,533,0,0
BRDA:2730,533,1,0
BRDA:2731,534,0,0
BRDA:2731,534,1,0
BRDA:2734,535,0,0
BRDA:2734,535,1,0
BRDA:2735,536,0,0
BRDA:2735,536,1,0
BRDA:2736,537,0,0
BRDA:2736,537,1,0
BRDA:2739,538,0,0
BRDA:2739,538,1,0
BRDA:2762,539,0,0
BRDA:2762,539,1,0
BRDA:2767,540,0,0
BRDA:2767,540,1,0
BRDA:2774,541,0,0
BRDA:2774,541,1,0
BRDA:2775,542,0,0
BRDA:2775,542,1,0
BRDA:2777,543,0,0
BRDA:2777,543,1,0
BRDA:2785,544,0,0
BRDA:2785,544,1,0
BRDA:2786,545,0,0
BRDA:2786,545,1,0
BRDA:2787,546,0,0
BRDA:2787,546,1,0
BRDA:2796,547,0,0
BRDA:2796,547,1,0
BRDA:2796,548,0,0
BRDA:2796,548,1,0
BRDA:2798,549,0,0
BRDA:2798,549,1,0
BRDA:2800,550,0,0
BRDA:2800,550,1,0
BRDA:2803,551,0,0
BRDA:2803,551,1,0
BRDA:2804,552,0,0
BRDA:2804,552,1,0
BRDA:2806,553,0,0
BRDA:2806,553,1,0
BRDA:2810,554,0,0
BRDA:2810,554,1,0
BRDA:2815,555,0,0
BRDA:2815,555,1,0
BRDA:2815,556,0,0
BRDA:2815,556,1,0
BRDA:2819,557,0,0
BRDA:2819,557,1,0
BRDA:2823,558,0,0
BRDA:2823,558,1,0
BRDA:2832,559,0,0
BRDA:2832,559,1,0
BRDA:2839,560,0,0
BRDA:2839,560,1,0
BRDA:2839,561,0,0
BRDA:2839,561,1,0
BRDA:2843,562,0,0
BRDA:2843,562,1,0
BRDA:2846,563,0,0
BRDA:2846,563,1,0
BRDA:2847,564,0,0
BRDA:2847,564,1,0
BRDA:2851,565,0,0
BRDA:2851,565,1,0
BRDA:2851,566,0,0
BRDA:2851,566,1,0
BRDA:2866,567,0,0
BRDA:2866,567,1,0
BRDA:2869,568,0,0
BRDA:2869,568,1,0
BRDA:2870,569,0,0
BRDA:2870,569,1,0
BRDA:2871,570,0,0
BRDA:2871,570,1,0
BRDA:2873,571,0,0
BRDA:2873,571,1,0
BRDA:2874,572,0,0
BRDA:2874,572,1,0
BRDA:2876,573,0,0
BRDA:2876,573,1,0
BRDA:2877,574,0,0
BRDA:2877,574,1,0
BRDA:2878,575,0,0
BRDA:2878,575,1,0
BRDA:2882,576,0,0
BRDA:2882,576,1,0
BRDA:2906,577,0,0
BRDA:2906,577,1,0
BRDA:2906,578,0,0
BRDA:2906,578,1,0
BRDA:2908,579,0,0
BRDA:2908,579,1,0
BRDA:2908,580,0,0
BRDA:2908,580,1,0
BRDA:2909,581,0,0
BRDA:2909,581,1,0
BRDA:2915,582,0,0
BRDA:2915,582,1,0
BRDA:2918,583,0,0
BRDA:2918,583,1,0
BRDA:2919,584,0,0
BRDA:2919,584,1,0
BRDA:2920,585,0,0
BRDA:2920,585,1,0
BRDA:2920,586,0,0
BRDA:2920,586,1,0
BRDA:2923,587,0,0
BRDA:2923,587,1,0
BRDA:2924,588,0,0
BRDA:2924,588,1,0
BRDA:2925,589,0,0
BRDA:2925,589,1,0
BRDA:2926,590,0,0
BRDA:2926,590,1,0
BRDA:2927,591,0,0
BRDA:2927,591,1,0
BRDA:2928,592,0,0
BRDA:2928,592,1,0
BRDA:2931,593,0,0
BRDA:2931,593,1,0
BRDA:2943,594,0,0
BRDA:2943,594,1,0
BRDA:2947,595,0,0
BRDA:2947,595,1,0
BRDA:2948,596,0,0
BRDA:2948,596,1,0
BRDA:2950,597,0,0
BRDA:2950,597,1,0
BRDA:2951,598,0,0
BRDA:2951,598,1,0
BRDA:2960,599,0,0
BRDA:2960,599,1,0
BRDA:2961,600,0,0
BRDA:2961,600,1,0
BRDA:2969,601,0,0
BRDA:2969,601,1,0
BRF:1249
BRH:0
end_of_record
TN:
SF:src/app/api/chat/sessions/route.ts
FN:5,authenticateRequest
FN:50,GET
FN:88,(anonymous_5)
FN:91,(anonymous_6)
FN:102,POST
FNF:5
FNH:0
FNDA:0,authenticateRequest
FNDA:0,GET
FNDA:0,(anonymous_5)
FNDA:0,(anonymous_6)
FNDA:0,POST
DA:1,0
DA:2,0
DA:3,0
DA:6,0
DA:9,0
DA:10,0
DA:11,0
DA:12,0
DA:15,0
DA:22,0
DA:23,0
DA:27,0
DA:32,0
DA:38,0
DA:40,0
DA:41,0
DA:44,0
DA:50,0
DA:51,0
DA:52,0
DA:53,0
DA:54,0
DA:57,0
DA:58,0
DA:61,0
DA:62,0
DA:63,0
DA:64,0
DA:67,0
DA:82,0
DA:83,0
DA:84,0
DA:88,0
DA:91,0
DA:93,0
DA:96,0
DA:97,0
DA:102,0
DA:103,0
DA:104,0
DA:105,0
DA:106,0
DA:109,0
DA:110,0
DA:111,0
DA:113,0
DA:115,0
DA:124,0
DA:125,0
DA:126,0
DA:129,0
DA:132,0
DA:133,0
LF:53
LH:0
BRDA:10,0,0,0
BRDA:10,0,1,0
BRDA:22,1,0,0
BRDA:22,1,1,0
BRDA:22,2,0,0
BRDA:22,2,1,0
BRDA:40,3,0,0
BRDA:40,3,1,0
BRDA:53,4,0,0
BRDA:53,4,1,0
BRDA:62,5,0,0
BRDA:62,5,1,0
BRDA:63,6,0,0
BRDA:63,6,1,0
BRDA:82,7,0,0
BRDA:82,7,1,0
BRDA:88,8,0,0
BRDA:88,8,1,0
BRDA:90,9,0,0
BRDA:90,9,1,0
BRDA:105,10,0,0
BRDA:105,10,1,0
BRDA:113,11,0,0
BRDA:124,12,0,0
BRDA:124,12,1,0
BRF:25
BRH:0
end_of_record
TN:
SF:src/app/api/chat/sessions/[sessionId]/route.ts
FN:5,authenticateRequest
FN:50,GET
FN:99,(anonymous_6)
FN:113,PUT
FN:157,DELETE
FNF:5
FNH:0
FNDA:0,authenticateRequest
FNDA:0,GET
FNDA:0,(anonymous_6)
FNDA:0,PUT
FNDA:0,DELETE
DA:1,0
DA:2,0
DA:3,0
DA:6,0
DA:9,0
DA:10,0
DA:11,0
DA:12,0
DA:15,0
DA:22,0
DA:23,0
DA:27,0
DA:32,0
DA:38,0
DA:40,0
DA:41,0
DA:44,0
DA:50,0
DA:54,0
DA:55,0
DA:56,0
DA:57,0
DA:60,0
DA:61,0
DA:62,0
DA:65,0
DA:89,0
DA:90,0
DA:91,0
DA:93,0
DA:94,0
DA:98,0
DA:99,0
DA:100,0
DA:104,0
DA:107,0
DA:108,0
DA:113,0
DA:117,0
DA:118,0
DA:119,0
DA:120,0
DA:123,0
DA:124,0
DA:125,0
DA:126,0
DA:128,0
DA:129,0
DA:130,0
DA:132,0
DA:140,0
DA:141,0
DA:142,0
DA:144,0
DA:145,0
DA:148,0
DA:151,0
DA:152,0
DA:157,0
DA:161,0
DA:162,0
DA:163,0
DA:164,0
DA:167,0
DA:168,0
DA:169,0
DA:171,0
DA:177,0
DA:178,0
DA:179,0
DA:182,0
DA:185,0
DA:186,0
LF:73
LH:0
BRDA:10,0,0,0
BRDA:10,0,1,0
BRDA:22,1,0,0
BRDA:22,1,1,0
BRDA:22,2,0,0
BRDA:22,2,1,0
BRDA:40,3,0,0
BRDA:40,3,1,0
BRDA:56,4,0,0
BRDA:56,4,1,0
BRDA:89,5,0,0
BRDA:89,5,1,0
BRDA:90,6,0,0
BRDA:90,6,1,0
BRDA:98,7,0,0
BRDA:98,7,1,0
BRDA:119,8,0,0
BRDA:119,8,1,0
BRDA:129,9,0,0
BRDA:129,9,1,0
BRDA:130,10,0,0
BRDA:130,10,1,0
BRDA:140,11,0,0
BRDA:140,11,1,0
BRDA:141,12,0,0
BRDA:141,12,1,0
BRDA:163,13,0,0
BRDA:163,13,1,0
BRDA:177,14,0,0
BRDA:177,14,1,0
BRF:30
BRH:0
end_of_record
TN:
SF:src/app/api/cli-command/route.ts
FN:24,executeCliCommand
FN:30,(anonymous_3)
FN:64,(anonymous_4)
FN:68,(anonymous_5)
FN:72,(anonymous_6)
FN:88,(anonymous_7)
FN:96,(anonymous_8)
FN:109,getUserModels
FN:116,(anonymous_10)
FN:117,(anonymous_11)
FN:118,(anonymous_12)
FN:144,getModelForProvider
FN:176,verifyMCPToken
FN:183,(anonymous_15)
FN:184,(anonymous_16)
FN:185,(anonymous_17)
FN:211,POST
FNF:17
FNH:0
FNDA:0,executeCliCommand
FNDA:0,(anonymous_3)
FNDA:0,(anonymous_4)
FNDA:0,(anonymous_5)
FNDA:0,(anonymous_6)
FNDA:0,(anonymous_7)
FNDA:0,(anonymous_8)
FNDA:0,getUserModels
FNDA:0,(anonymous_10)
FNDA:0,(anonymous_11)
FNDA:0,(anonymous_12)
FNDA:0,getModelForProvider
FNDA:0,verifyMCPToken
FNDA:0,(anonymous_15)
FNDA:0,(anonymous_16)
FNDA:0,(anonymous_17)
FNDA:0,POST
DA:1,0
DA:2,0
DA:3,0
DA:4,0
DA:30,0
DA:34,0
DA:36,0
DA:37,0
DA:38,0
DA:40,0
DA:41,0
DA:42,0
DA:44,0
DA:45,0
DA:46,0
DA:48,0
DA:52,0
DA:55,0
DA:61,0
DA:62,0
DA:64,0
DA:65,0
DA:68,0
DA:69,0
DA:72,0
DA:73,0
DA:74,0
DA:80,0
DA:88,0
DA:89,0
DA:96,0
DA:97,0
DA:98,0
DA:110,0
DA:111,0
DA:116,0
DA:123,0
DA:129,0
DA:130,0
DA:131,0
DA:134,0
DA:136,0
DA:137,0
DA:149,0
DA:155,0
DA:156,0
DA:158,0
DA:159,0
DA:163,0
DA:164,0
DA:165,0
DA:167,0
DA:170,0
DA:177,0
DA:178,0
DA:183,0
DA:190,0
DA:192,0
DA:200,0
DA:201,0
DA:204,0
DA:206,0
DA:207,0
DA:211,0
DA:212,0
DA:213,0
DA:214,0
DA:216,0
DA:217,0
DA:224,0
DA:225,0
DA:226,0
DA:232,0
DA:235,0
DA:237,0
DA:239,0
DA:241,0
DA:242,0
DA:245,0
DA:246,0
DA:253,0
DA:256,0
DA:258,0
DA:260,0
DA:263,0
DA:264,0
LF:86
LH:0
BRDA:28,0,0,0
BRDA:34,1,0,0
BRDA:34,1,1,0
BRDA:34,1,2,0
BRDA:34,1,3,0
BRDA:73,2,0,0
BRDA:73,2,1,0
BRDA:82,3,0,0
BRDA:82,3,1,0
BRDA:129,4,0,0
BRDA:129,4,1,0
BRDA:129,5,0,0
BRDA:129,5,1,0
BRDA:158,6,0,0
BRDA:158,6,1,0
BRDA:163,7,0,0
BRDA:163,7,1,0
BRDA:165,8,0,0
BRDA:165,8,1,0
BRDA:165,9,0,0
BRDA:165,9,1,0
BRDA:167,10,0,0
BRDA:167,10,1,0
BRDA:200,11,0,0
BRDA:200,11,1,0
BRDA:200,12,0,0
BRDA:200,12,1,0
BRDA:216,13,0,0
BRDA:216,13,1,0
BRDA:216,14,0,0
BRDA:216,14,1,0
BRDA:216,14,2,0
BRDA:216,14,3,0
BRDA:225,15,0,0
BRDA:225,15,1,0
BRDA:237,16,0,0
BRDA:237,16,1,0
BRDA:241,17,0,0
BRDA:241,17,1,0
BRDA:242,18,0,0
BRDA:242,18,1,0
BRDA:245,19,0,0
BRDA:245,19,1,0
BRF:43
BRH:0
end_of_record
TN:
SF:src/app/api/cli-config/route.ts
FN:4,GET
FN:27,(anonymous_6)
FN:61,POST
FN:109,PUT
FN:164,DELETE
FNF:5
FNH:0
FNDA:0,GET
FNDA:0,(anonymous_6)
FNDA:0,POST
FNDA:0,PUT
FNDA:0,DELETE
DA:1,0
DA:2,0
DA:4,0
DA:5,0
DA:6,0
DA:7,0
DA:9,0
DA:10,0
DA:14,0
DA:20,0
DA:21,0
DA:25,0
DA:26,0
DA:27,0
DA:36,0
DA:41,0
DA:42,0
DA:50,0
DA:56,0
DA:57,0
DA:61,0
DA:62,0
DA:63,0
DA:64,0
DA:66,0
DA:67,0
DA:70,0
DA:72,0
DA:73,0
DA:80,0
DA:94,0
DA:95,0
DA:98,0
DA:104,0
DA:105,0
DA:109,0
DA:110,0
DA:111,0
DA:112,0
DA:114,0
DA:115,0
DA:118,0
DA:120,0
DA:121,0
DA:124,0
DA:128,0
DA:129,0
DA:132,0
DA:133,0
DA:136,0
DA:137,0
DA:138,0
DA:141,0
DA:149,0
DA:150,0
DA:153,0
DA:159,0
DA:160,0
DA:164,0
DA:165,0
DA:166,0
DA:167,0
DA:169,0
DA:170,0
DA:173,0
DA:174,0
DA:176,0
DA:177,0
DA:180,0
DA:186,0
DA:187,0
DA:190,0
DA:195,0
DA:196,0
LF:74
LH:0
BRDA:9,0,0,0
BRDA:9,0,1,0
BRDA:9,1,0,0
BRDA:9,1,1,0
BRDA:20,2,0,0
BRDA:20,2,1,0
BRDA:25,3,0,0
BRDA:25,3,1,0
BRDA:25,4,0,0
BRDA:25,4,1,0
BRDA:41,5,0,0
BRDA:41,5,1,0
BRDA:51,6,0,0
BRDA:51,6,1,0
BRDA:66,7,0,0
BRDA:66,7,1,0
BRDA:66,8,0,0
BRDA:66,8,1,0
BRDA:72,9,0,0
BRDA:72,9,1,0
BRDA:86,10,0,0
BRDA:86,10,1,0
BRDA:94,11,0,0
BRDA:94,11,1,0
BRDA:114,12,0,0
BRDA:114,12,1,0
BRDA:114,13,0,0
BRDA:114,13,1,0
BRDA:120,14,0,0
BRDA:120,14,1,0
BRDA:128,15,0,0
BRDA:128,15,1,0
BRDA:129,16,0,0
BRDA:129,16,1,0
BRDA:132,17,0,0
BRDA:132,17,1,0
BRDA:133,18,0,0
BRDA:133,18,1,0
BRDA:136,19,0,0
BRDA:136,19,1,0
BRDA:136,20,0,0
BRDA:136,20,1,0
BRDA:149,21,0,0
BRDA:149,21,1,0
BRDA:169,22,0,0
BRDA:169,22,1,0
BRDA:169,23,0,0
BRDA:169,23,1,0
BRDA:176,24,0,0
BRDA:176,24,1,0
BRDA:186,25,0,0
BRDA:186,25,1,0
BRF:52
BRH:0
end_of_record
TN:
SF:src/app/api/cli-detect/route.ts
FN:27,executeCommand
FN:33,(anonymous_3)
FN:51,(anonymous_4)
FN:55,(anonymous_5)
FN:59,(anonymous_6)
FN:67,(anonymous_7)
FN:75,(anonymous_8)
FN:88,detectClaudeCode
FN:206,detectCodexCli
FN:316,detectGeminiCli
FN:459,verifyMCPToken
FN:467,(anonymous_13)
FN:468,(anonymous_14)
FN:469,(anonymous_15)
FN:496,POST
FN:533,(anonymous_17)
FNF:16
FNH:0
FNDA:0,executeCommand
FNDA:0,(anonymous_3)
FNDA:0,(anonymous_4)
FNDA:0,(anonymous_5)
FNDA:0,(anonymous_6)
FNDA:0,(anonymous_7)
FNDA:0,(anonymous_8)
FNDA:0,detectClaudeCode
FNDA:0,detectCodexCli
FNDA:0,detectGeminiCli
FNDA:0,verifyMCPToken
FNDA:0,(anonymous_13)
FNDA:0,(anonymous_14)
FNDA:0,(anonymous_15)
FNDA:0,POST
FNDA:0,(anonymous_17)
DA:1,0
DA:2,0
DA:3,0
DA:5,0
DA:33,0
DA:34,0
DA:48,0
DA:49,0
DA:51,0
DA:52,0
DA:55,0
DA:56,0
DA:59,0
DA:60,0
DA:67,0
DA:68,0
DA:75,0
DA:76,0
DA:77,0
DA:89,0
DA:91,0
DA:92,0
DA:93,0
DA:108,0
DA:111,0
DA:113,0
DA:121,0
DA:122,0
DA:125,0
DA:132,0
DA:149,0
DA:150,0
DA:160,0
DA:161,0
DA:177,0
DA:192,0
DA:207,0
DA:209,0
DA:210,0
DA:211,0
DA:226,0
DA:229,0
DA:231,0
DA:233,0
DA:243,0
DA:245,0
DA:250,0
DA:268,0
DA:269,0
DA:270,0
DA:286,0
DA:302,0
DA:317,0
DA:319,0
DA:321,0
DA:322,0
DA:338,0
DA:341,0
DA:342,0
DA:343,0
DA:344,0
DA:359,0
DA:369,0
DA:372,0
DA:374,0
DA:376,0
DA:386,0
DA:388,0
DA:392,0
DA:410,0
DA:411,0
DA:429,0
DA:445,0
DA:460,0
DA:462,0
DA:467,0
DA:474,0
DA:476,0
DA:484,0
DA:485,0
DA:486,0
DA:489,0
DA:491,0
DA:492,0
DA:496,0
DA:497,0
DA:498,0
DA:499,0
DA:501,0
DA:502,0
DA:509,0
DA:511,0
DA:513,0
DA:514,0
DA:515,0
DA:522,0
DA:525,0
DA:531,0
DA:533,0
DA:535,0
DA:538,0
DA:539,0
LF:102
LH:0
BRDA:27,0,0,0
BRDA:92,1,0,0
BRDA:92,1,1,0
BRDA:108,2,0,0
BRDA:108,2,1,0
BRDA:121,3,0,0
BRDA:121,3,1,0
BRDA:121,4,0,0
BRDA:121,4,1,0
BRDA:121,5,0,0
BRDA:121,5,1,0
BRDA:125,6,0,0
BRDA:125,6,1,0
BRDA:125,7,0,0
BRDA:125,7,1,0
BRDA:125,7,2,0
BRDA:125,7,3,0
BRDA:125,7,4,0
BRDA:125,7,5,0
BRDA:125,7,6,0
BRDA:149,8,0,0
BRDA:149,8,1,0
BRDA:149,9,0,0
BRDA:149,9,1,0
BRDA:160,10,0,0
BRDA:160,10,1,0
BRDA:160,11,0,0
BRDA:160,11,1,0
BRDA:195,12,0,0
BRDA:195,12,1,0
BRDA:210,13,0,0
BRDA:210,13,1,0
BRDA:226,14,0,0
BRDA:226,14,1,0
BRDA:231,15,0,0
BRDA:231,15,1,0
BRDA:231,16,0,0
BRDA:231,16,1,0
BRDA:243,17,0,0
BRDA:243,17,1,0
BRDA:243,17,2,0
BRDA:245,18,0,0
BRDA:245,18,1,0
BRDA:245,19,0,0
BRDA:245,19,1,0
BRDA:245,19,2,0
BRDA:245,19,3,0
BRDA:245,19,4,0
BRDA:269,20,0,0
BRDA:269,20,1,0
BRDA:269,21,0,0
BRDA:269,21,1,0
BRDA:305,22,0,0
BRDA:305,22,1,0
BRDA:321,23,0,0
BRDA:321,23,1,0
BRDA:341,24,0,0
BRDA:341,24,1,0
BRDA:342,25,0,0
BRDA:342,25,1,0
BRDA:342,25,2,0
BRDA:343,26,0,0
BRDA:343,26,1,0
BRDA:343,27,0,0
BRDA:343,27,1,0
BRDA:369,28,0,0
BRDA:369,28,1,0
BRDA:374,29,0,0
BRDA:374,29,1,0
BRDA:374,30,0,0
BRDA:374,30,1,0
BRDA:386,31,0,0
BRDA:386,31,1,0
BRDA:386,31,2,0
BRDA:388,32,0,0
BRDA:388,32,1,0
BRDA:388,33,0,0
BRDA:388,33,1,0
BRDA:388,33,2,0
BRDA:388,33,3,0
BRDA:410,34,0,0
BRDA:410,34,1,0
BRDA:410,35,0,0
BRDA:410,35,1,0
BRDA:448,36,0,0
BRDA:448,36,1,0
BRDA:484,37,0,0
BRDA:484,37,1,0
BRDA:484,38,0,0
BRDA:484,38,1,0
BRDA:485,39,0,0
BRDA:485,39,1,0
BRDA:501,40,0,0
BRDA:501,40,1,0
BRDA:501,41,0,0
BRDA:501,41,1,0
BRDA:509,42,0,0
BRDA:509,42,1,0
BRDA:511,43,0,0
BRDA:511,43,1,0
BRDA:514,44,0,0
BRDA:514,44,1,0
BRF:102
BRH:0
end_of_record
TN:
SF:src/app/api/cli-status/route.ts
FN:7,validateCLIStatus
FN:78,POST
FN:175,GET
FN:220,(anonymous_7)
FNF:4
FNH:0
FNDA:0,validateCLIStatus
FNDA:0,POST
FNDA:0,GET
FNDA:0,(anonymous_7)
DA:1,0
DA:2,0
DA:4,0
DA:13,0
DA:18,0
DA:39,0
DA:41,0
DA:42,0
DA:51,0
DA:70,0
DA:78,0
DA:79,0
DA:80,0
DA:83,0
DA:84,0
DA:89,0
DA:92,0
DA:93,0
DA:95,0
DA:96,0
DA:97,0
DA:103,0
DA:109,0
DA:111,0
DA:112,0
DA:118,0
DA:121,0
DA:122,0
DA:123,0
DA:126,0
DA:133,0
DA:135,0
DA:144,0
DA:155,0
DA:158,0
DA:168,0
DA:169,0
DA:175,0
DA:176,0
DA:178,0
DA:179,0
DA:181,0
DA:182,0
DA:187,0
DA:191,0
DA:197,0
DA:202,0
DA:203,0
DA:204,0
DA:214,0
DA:220,0
DA:221,0
DA:226,0
DA:235,0
DA:238,0
DA:239,0
LF:56
LH:0
BRDA:41,0,0,0
BRDA:41,0,1,0
BRDA:83,1,0,0
BRDA:83,1,1,0
BRDA:83,2,0,0
BRDA:83,2,1,0
BRDA:95,3,0,0
BRDA:95,3,1,0
BRDA:95,4,0,0
BRDA:95,4,1,0
BRDA:111,5,0,0
BRDA:111,5,1,0
BRDA:121,6,0,0
BRDA:121,6,1,0
BRDA:122,7,0,0
BRDA:122,7,1,0
BRDA:133,8,0,0
BRDA:133,8,1,0
BRDA:181,9,0,0
BRDA:181,9,1,0
BRDA:181,10,0,0
BRDA:181,10,1,0
BRDA:202,11,0,0
BRDA:202,11,1,0
BRDA:221,12,0,0
BRDA:221,12,1,0
BRDA:221,12,2,0
BRDA:221,12,3,0
BRF:28
BRH:0
end_of_record
TN:
SF:src/app/api/cli-status-update/route.ts
FN:19,verifyMCPToken
FN:62,POST
FN:196,GET
FNF:3
FNH:0
FNDA:0,verifyMCPToken
FNDA:0,POST
FNDA:0,GET
DA:1,0
DA:2,0
DA:3,0
DA:20,0
DA:22,0
DA:27,0
DA:28,0
DA:30,0
DA:38,0
DA:39,0
DA:40,0
DA:44,0
DA:50,0
DA:51,0
DA:54,0
DA:56,0
DA:57,0
DA:62,0
DA:63,0
DA:64,0
DA:65,0
DA:68,0
DA:69,0
DA:76,0
DA:77,0
DA:78,0
DA:85,0
DA:86,0
DA:87,0
DA:94,0
DA:95,0
DA:96,0
DA:104,0
DA:106,0
DA:113,0
DA:123,0
DA:124,0
DA:125,0
DA:128,0
DA:135,0
DA:136,0
DA:138,0
DA:139,0
DA:140,0
DA:143,0
DA:148,0
DA:149,0
DA:150,0
DA:151,0
DA:153,0
DA:155,0
DA:156,0
DA:163,0
DA:171,0
DA:172,0
DA:173,0
DA:174,0
DA:176,0
DA:182,0
DA:190,0
DA:191,0
DA:196,0
DA:197,0
DA:198,0
DA:199,0
DA:200,0
DA:202,0
DA:203,0
DA:205,0
DA:206,0
DA:209,0
DA:216,0
DA:217,0
DA:220,0
DA:222,0
DA:223,0
DA:224,0
DA:227,0
DA:233,0
DA:234,0
LF:80
LH:0
BRDA:38,0,0,0
BRDA:38,0,1,0
BRDA:38,1,0,0
BRDA:38,1,1,0
BRDA:50,2,0,0
BRDA:50,2,1,0
BRDA:68,3,0,0
BRDA:68,3,1,0
BRDA:68,4,0,0
BRDA:68,4,1,0
BRDA:68,4,2,0
BRDA:68,4,3,0
BRDA:77,5,0,0
BRDA:77,5,1,0
BRDA:86,6,0,0
BRDA:86,6,1,0
BRDA:117,7,0,0
BRDA:117,7,1,0
BRDA:120,8,0,0
BRDA:120,8,1,0
BRDA:138,9,0,0
BRDA:138,9,1,0
BRDA:148,10,0,0
BRDA:148,10,1,0
BRDA:171,11,0,0
BRDA:171,11,1,0
BRDA:200,12,0,0
BRDA:200,12,1,0
BRDA:205,13,0,0
BRDA:205,13,1,0
BRDA:205,14,0,0
BRDA:205,14,1,0
BRDA:216,15,0,0
BRDA:216,15,1,0
BRDA:222,16,0,0
BRDA:222,16,1,0
BRDA:228,17,0,0
BRDA:228,17,1,0
BRDA:229,18,0,0
BRDA:229,18,1,0
BRF:40
BRH:0
end_of_record
TN:
SF:src/app/api/credits/balance/route.ts
FN:5,GET
FN:111,(anonymous_4)
FN:112,(anonymous_5)
FN:113,(anonymous_6)
FN:127,(anonymous_7)
FN:144,(anonymous_8)
FN:159,(anonymous_9)
FN:161,(anonymous_10)
FN:169,(anonymous_11)
FN:180,(anonymous_12)
FN:192,(anonymous_13)
FN:204,(anonymous_14)
FN:216,(anonymous_15)
FN:265,POST
FNF:14
FNH:0
FNDA:0,GET
FNDA:0,(anonymous_4)
FNDA:0,(anonymous_5)
FNDA:0,(anonymous_6)
FNDA:0,(anonymous_7)
FNDA:0,(anonymous_8)
FNDA:0,(anonymous_9)
FNDA:0,(anonymous_10)
FNDA:0,(anonymous_11)
FNDA:0,(anonymous_12)
FNDA:0,(anonymous_13)
FNDA:0,(anonymous_14)
FNDA:0,(anonymous_15)
FNDA:0,POST
DA:1,0
DA:2,0
DA:3,0
DA:5,0
DA:6,0
DA:7,0
DA:10,0
DA:11,0
DA:12,0
DA:16,0
DA:22,0
DA:28,0
DA:37,0
DA:39,0
DA:51,0
DA:52,0
DA:54,0
DA:63,0
DA:65,0
DA:66,0
DA:70,0
DA:78,0
DA:86,0
DA:89,0
DA:96,0
DA:103,0
DA:110,0
DA:111,0
DA:112,0
DA:113,0
DA:117,0
DA:124,0
DA:126,0
DA:127,0
DA:128,0
DA:129,0
DA:130,0
DA:131,0
DA:134,0
DA:135,0
DA:136,0
DA:137,0
DA:138,0
DA:139,0
DA:140,0
DA:144,0
DA:145,0
DA:146,0
DA:147,0
DA:148,0
DA:149,0
DA:154,0
DA:158,0
DA:159,0
DA:161,0
DA:169,0
DA:179,0
DA:180,0
DA:192,0
DA:204,0
DA:216,0
DA:218,0
DA:221,0
DA:222,0
DA:224,0
DA:233,0
DA:235,0
DA:257,0
DA:258,0
DA:265,0
DA:266,0
DA:267,0
DA:270,0
DA:271,0
DA:272,0
DA:275,0
DA:277,0
DA:280,0
DA:285,0
DA:291,0
DA:293,0
DA:300,0
DA:304,0
DA:306,0
DA:314,0
DA:318,0
DA:319,0
LF:87
LH:0
BRDA:11,0,0,0
BRDA:11,0,1,0
BRDA:11,1,0,0
BRDA:11,1,1,0
BRDA:37,2,0,0
BRDA:37,2,1,0
BRDA:37,3,0,0
BRDA:37,3,1,0
BRDA:51,4,0,0
BRDA:51,4,1,0
BRDA:65,5,0,0
BRDA:65,5,1,0
BRDA:65,6,0,0
BRDA:65,6,1,0
BRDA:111,7,0,0
BRDA:111,7,1,0
BRDA:112,8,0,0
BRDA:112,8,1,0
BRDA:113,9,0,0
BRDA:113,9,1,0
BRDA:126,10,0,0
BRDA:126,10,1,0
BRDA:126,11,0,0
BRDA:126,11,1,0
BRDA:128,12,0,0
BRDA:128,12,1,0
BRDA:135,13,0,0
BRDA:135,13,1,0
BRDA:135,14,0,0
BRDA:135,14,1,0
BRDA:136,15,0,0
BRDA:136,15,1,0
BRDA:137,16,0,0
BRDA:137,16,1,0
BRDA:137,17,0,0
BRDA:137,17,1,0
BRDA:138,18,0,0
BRDA:138,18,1,0
BRDA:139,19,0,0
BRDA:139,19,1,0
BRDA:139,20,0,0
BRDA:139,20,1,0
BRDA:145,21,0,0
BRDA:145,21,1,0
BRDA:146,22,0,0
BRDA:146,22,1,0
BRDA:154,23,0,0
BRDA:154,23,1,0
BRDA:169,24,0,0
BRDA:169,24,1,0
BRDA:174,25,0,0
BRDA:174,25,1,0
BRDA:180,26,0,0
BRDA:180,26,1,0
BRDA:183,27,0,0
BRDA:183,27,1,0
BRDA:184,28,0,0
BRDA:184,28,1,0
BRDA:185,29,0,0
BRDA:185,29,1,0
BRDA:186,30,0,0
BRDA:186,30,1,0
BRDA:186,30,2,0
BRDA:187,31,0,0
BRDA:187,31,1,0
BRDA:188,32,0,0
BRDA:188,32,1,0
BRDA:189,33,0,0
BRDA:189,33,1,0
BRDA:190,34,0,0
BRDA:190,34,1,0
BRDA:190,35,0,0
BRDA:190,35,1,0
BRDA:192,36,0,0
BRDA:192,36,1,0
BRDA:193,37,0,0
BRDA:193,37,1,0
BRDA:195,38,0,0
BRDA:195,38,1,0
BRDA:196,39,0,0
BRDA:196,39,1,0
BRDA:198,40,0,0
BRDA:198,40,1,0
BRDA:199,41,0,0
BRDA:199,41,1,0
BRDA:201,42,0,0
BRDA:201,42,1,0
BRDA:204,43,0,0
BRDA:204,43,1,0
BRDA:205,44,0,0
BRDA:205,44,1,0
BRDA:207,45,0,0
BRDA:207,45,1,0
BRDA:208,46,0,0
BRDA:208,46,1,0
BRDA:210,47,0,0
BRDA:210,47,1,0
BRDA:211,48,0,0
BRDA:211,48,1,0
BRDA:222,49,0,0
BRDA:222,49,1,0
BRDA:222,50,0,0
BRDA:222,50,1,0
BRDA:233,51,0,0
BRDA:233,51,1,0
BRDA:233,52,0,0
BRDA:233,52,1,0
BRDA:236,53,0,0
BRDA:236,53,1,0
BRDA:237,54,0,0
BRDA:237,54,1,0
BRDA:239,55,0,0
BRDA:239,55,1,0
BRDA:271,56,0,0
BRDA:271,56,1,0
BRDA:271,57,0,0
BRDA:271,57,1,0
BRDA:277,58,0,0
BRDA:277,58,1,0
BRDA:277,58,2,0
BRDA:291,59,0,0
BRDA:291,59,1,0
BRDA:295,60,0,0
BRDA:295,60,1,0
BRDA:300,61,0,0
BRF:125
BRH:0
end_of_record
TN:
SF:src/app/api/credits/budget/route.ts
FN:5,GET
FN:116,PUT
FN:197,POST
FN:245,getSpendingInPeriod
FN:261,(anonymous_8)
FN:268,canMakeRequest
FN:347,getSpendingAnalytics
FN:370,(anonymous_11)
FN:375,(anonymous_12)
FNF:9
FNH:0
FNDA:0,GET
FNDA:0,PUT
FNDA:0,POST
FNDA:0,getSpendingInPeriod
FNDA:0,(anonymous_8)
FNDA:0,canMakeRequest
FNDA:0,getSpendingAnalytics
FNDA:0,(anonymous_11)
FNDA:0,(anonymous_12)
DA:1,0
DA:2,0
DA:3,0
DA:5,0
DA:6,0
DA:7,0
DA:8,0
DA:14,0
DA:15,0
DA:16,0
DA:20,0
DA:27,0
DA:28,0
DA:45,0
DA:46,0
DA:48,0
DA:53,0
DA:56,0
DA:57,0
DA:58,0
DA:61,0
DA:62,0
DA:63,0
DA:64,0
DA:67,0
DA:68,0
DA:70,0
DA:108,0
DA:109,0
DA:116,0
DA:117,0
DA:118,0
DA:119,0
DA:125,0
DA:126,0
DA:127,0
DA:130,0
DA:133,0
DA:135,0
DA:136,0
DA:139,0
DA:140,0
DA:143,0
DA:144,0
DA:147,0
DA:148,0
DA:153,0
DA:154,0
DA:157,0
DA:158,0
DA:163,0
DA:164,0
DA:170,0
DA:180,0
DA:182,0
DA:189,0
DA:190,0
DA:197,0
DA:198,0
DA:199,0
DA:200,0
DA:206,0
DA:207,0
DA:208,0
DA:211,0
DA:213,0
DA:215,0
DA:216,0
DA:218,0
DA:221,0
DA:222,0
DA:224,0
DA:232,0
DA:236,0
DA:237,0
DA:251,0
DA:252,0
DA:259,0
DA:261,0
DA:263,0
DA:264,0
DA:272,0
DA:274,0
DA:280,0
DA:281,0
DA:288,0
DA:294,0
DA:295,0
DA:298,0
DA:299,0
DA:300,0
DA:302,0
DA:303,0
DA:311,0
DA:312,0
DA:313,0
DA:315,0
DA:316,0
DA:324,0
DA:325,0
DA:326,0
DA:328,0
DA:329,0
DA:337,0
DA:339,0
DA:340,0
DA:348,0
DA:349,0
DA:350,0
DA:352,0
DA:365,0
DA:367,0
DA:370,0
DA:371,0
DA:372,0
DA:375,0
DA:376,0
DA:377,0
DA:383,0
DA:384,0
DA:385,0
DA:386,0
DA:389,0
DA:397,0
DA:398,0
LF:125
LH:0
BRDA:15,0,0,0
BRDA:15,0,1,0
BRDA:15,1,0,0
BRDA:15,1,1,0
BRDA:27,2,0,0
BRDA:27,2,1,0
BRDA:27,3,0,0
BRDA:27,3,1,0
BRDA:45,4,0,0
BRDA:45,4,1,0
BRDA:71,5,0,0
BRDA:71,5,1,0
BRDA:84,6,0,0
BRDA:84,6,1,0
BRDA:89,7,0,0
BRDA:89,7,1,0
BRDA:94,8,0,0
BRDA:94,8,1,0
BRDA:98,9,0,0
BRDA:98,9,1,0
BRDA:99,10,0,0
BRDA:99,10,1,0
BRDA:100,11,0,0
BRDA:100,11,1,0
BRDA:101,12,0,0
BRDA:101,12,1,0
BRDA:102,13,0,0
BRDA:102,13,1,0
BRDA:103,14,0,0
BRDA:103,14,1,0
BRDA:126,15,0,0
BRDA:126,15,1,0
BRDA:126,16,0,0
BRDA:126,16,1,0
BRDA:135,17,0,0
BRDA:135,17,1,0
BRDA:136,18,0,0
BRDA:136,18,1,0
BRDA:139,19,0,0
BRDA:139,19,1,0
BRDA:140,20,0,0
BRDA:140,20,1,0
BRDA:143,21,0,0
BRDA:143,21,1,0
BRDA:144,22,0,0
BRDA:144,22,1,0
BRDA:147,23,0,0
BRDA:147,23,1,0
BRDA:148,24,0,0
BRDA:148,24,1,0
BRDA:153,25,0,0
BRDA:153,25,1,0
BRDA:157,26,0,0
BRDA:157,26,1,0
BRDA:158,27,0,0
BRDA:158,27,1,0
BRDA:163,28,0,0
BRDA:163,28,1,0
BRDA:164,29,0,0
BRDA:164,29,1,0
BRDA:180,30,0,0
BRDA:180,30,1,0
BRDA:207,31,0,0
BRDA:207,31,1,0
BRDA:207,32,0,0
BRDA:207,32,1,0
BRDA:213,33,0,0
BRDA:213,33,1,0
BRDA:213,33,2,0
BRDA:221,34,0,0
BRDA:259,35,0,0
BRDA:259,35,1,0
BRDA:261,36,0,0
BRDA:261,36,1,0
BRDA:280,37,0,0
BRDA:280,37,1,0
BRDA:280,38,0,0
BRDA:280,38,1,0
BRDA:294,39,0,0
BRDA:294,39,1,0
BRDA:298,40,0,0
BRDA:298,40,1,0
BRDA:302,41,0,0
BRDA:302,41,1,0
BRDA:311,42,0,0
BRDA:311,42,1,0
BRDA:315,43,0,0
BRDA:315,43,1,0
BRDA:324,44,0,0
BRDA:324,44,1,0
BRDA:328,45,0,0
BRDA:328,45,1,0
BRDA:347,46,0,0
BRDA:365,47,0,0
BRDA:365,47,1,0
BRDA:367,48,0,0
BRDA:367,48,1,0
BRDA:372,49,0,0
BRDA:372,49,1,0
BRDA:376,50,0,0
BRDA:376,50,1,0
BRF:101
BRH:0
end_of_record
TN:
SF:src/app/api/credits/purchase/route.ts
FN:11,POST
FN:27,(anonymous_5)
FN:87,getOrCreateStripeCustomer
FN:122,GET
FN:134,(anonymous_8)
FNF:5
FNH:0
FNDA:0,POST
FNDA:0,(anonymous_5)
FNDA:0,getOrCreateStripeCustomer
FNDA:0,GET
FNDA:0,(anonymous_8)
DA:1,0
DA:2,0
DA:3,0
DA:4,0
DA:5,0
DA:7,0
DA:11,0
DA:12,0
DA:13,0
DA:16,0
DA:17,0
[...]
FNDA:0,(anonymous_85)
FNDA:0,(anonymous_86)
FNDA:0,(anonymous_87)
FNDA:0,(anonymous_88)
FNDA:0,(anonymous_89)
FNDA:0,(anonymous_90)
FNDA:0,(anonymous_91)
FNDA:0,(anonymous_92)
FNDA:0,(anonymous_93)
FNDA:0,(anonymous_94)
FNDA:0,(anonymous_95)
FNDA:0,(anonymous_96)
FNDA:0,(anonymous_97)
FNDA:0,(anonymous_98)
FNDA:0,(anonymous_99)
FNDA:0,(anonymous_100)
DA:7,0
DA:8,0
DA:9,0
DA:10,0
DA:11,0
DA:12,0
DA:15,0
DA:25,0
DA:26,0
DA:27,0
DA:30,0
DA:31,0
DA:32,0
DA:33,0
DA:35,0
DA:36,0
DA:39,0
DA:40,0
DA:43,0
DA:46,0
DA:47,0
DA:48,0
DA:54,0
DA:58,0
DA:59,0
DA:60,0
DA:65,0
DA:68,0
DA:69,0
DA:70,0
DA:74,0
DA:75,0
DA:78,0
DA:79,0
DA:82,0
DA:83,0
DA:84,0
DA:85,0
DA:87,0
DA:88,0
DA:92,0
DA:93,0
DA:96,0
DA:100,0
DA:104,0
DA:110,0
DA:116,0
DA:117,0
DA:120,0
DA:121,0
DA:124,0
DA:125,0
DA:128,0
DA:129,0
DA:134,0
DA:135,0
DA:136,0
DA:139,0
DA:141,0
DA:142,0
DA:143,0
DA:145,0
DA:149,0
DA:153,0
DA:154,0
DA:161,0
DA:162,0
DA:164,0
DA:171,0
DA:176,0
DA:180,0
DA:184,0
DA:189,0
DA:191,0
DA:195,0
DA:196,0
DA:199,0
DA:200,0
DA:205,0
DA:206,0
DA:207,0
DA:216,0
DA:218,0
DA:220,0
DA:228,0
DA:233,0
DA:235,0
DA:239,0
DA:240,0
DA:243,0
DA:245,0
DA:249,0
DA:250,0
DA:253,0
DA:255,0
DA:256,0
DA:258,0
DA:266,0
DA:271,0
DA:273,0
DA:277,0
DA:278,0
DA:281,0
DA:282,0
DA:285,0
DA:293,0
DA:294,0
DA:298,0
DA:299,0
DA:301,0
DA:307,0
DA:308,0
DA:309,0
DA:310,0
DA:312,0
DA:316,0
DA:321,0
DA:323,0
DA:327,0
DA:328,0
DA:331,0
DA:332,0
DA:333,0
DA:346,0
DA:348,0
DA:350,0
DA:358,0
DA:363,0
DA:365,0
DA:369,0
DA:370,0
DA:373,0
DA:374,0
DA:375,0
DA:378,0
DA:380,0
DA:382,0
DA:390,0
DA:395,0
DA:397,0
DA:399,0
DA:404,0
DA:408,0
DA:409,0
DA:411,0
DA:413,0
DA:415,0
DA:423,0
DA:428,0
DA:430,0
DA:432,0
DA:434,0
DA:438,0
DA:448,0
DA:450,0
DA:458,0
DA:463,0
DA:464,0
DA:465,0
DA:467,0
DA:473,0
DA:475,0
DA:481,0
DA:483,0
DA:484,0
DA:485,0
DA:486,0
DA:488,0
DA:489,0
DA:492,0
DA:496,0
DA:497,0
DA:499,0
DA:500,0
DA:503,0
DA:504,0
DA:507,0
DA:508,0
DA:509,0
DA:518,0
DA:523,0
DA:524,0
DA:525,0
DA:530,0
DA:535,0
DA:536,0
DA:537,0
DA:539,0
DA:540,0
DA:541,0
DA:545,0
DA:551,0
DA:553,0
DA:557,0
DA:558,0
DA:560,0
DA:562,0
DA:564,0
DA:572,0
DA:577,0
DA:579,0
DA:583,0
DA:584,0
DA:586,0
DA:588,0
DA:590,0
DA:598,0
DA:603,0
DA:605,0
DA:609,0
DA:610,0
DA:613,0
DA:615,0
DA:618,0
DA:619,0
DA:621,0
DA:622,0
DA:626,0
DA:634,0
DA:638,0
DA:639,0
DA:645,0
DA:647,0
DA:653,0
DA:658,0
DA:660,0
DA:665,0
DA:670,0
DA:674,0
DA:675,0
DA:682,0
DA:683,0
DA:685,0
DA:693,0
DA:695,0
DA:699,0
DA:703,0
DA:708,0
DA:710,0
DA:714,0
DA:718,0
DA:723,0
DA:725,0
DA:729,0
DA:733,0
DA:738,0
DA:740,0
DA:744,0
DA:748,0
DA:753,0
DA:755,0
DA:759,0
DA:763,0
DA:768,0
DA:769,0
DA:772,0
DA:773,0
DA:774,0
DA:777,0
DA:781,0
DA:783,0
DA:786,0
DA:788,0
DA:790,0
DA:793,0
DA:796,0
DA:798,0
DA:800,0
DA:802,0
DA:804,0
DA:806,0
DA:808,0
DA:811,0
DA:815,0
DA:817,0
DA:819,0
DA:821,0
DA:823,0
DA:854,0
DA:858,0
DA:863,0
LF:281
LH:0
BRDA:31,0,0,0
BRDA:31,0,1,0
BRDA:35,1,0,0
BRDA:35,1,1,0
BRDA:39,2,0,0
BRDA:39,2,1,0
BRDA:52,3,0,0
BRDA:54,4,0,0
BRDA:54,4,1,0
BRDA:54,5,0,0
BRDA:54,5,1,0
BRDA:54,5,2,0
BRDA:54,5,3,0
BRDA:68,6,0,0
BRDA:68,6,1,0
BRDA:69,7,0,0
BRDA:69,7,1,0
BRDA:78,8,0,0
BRDA:78,8,1,0
BRDA:79,9,0,0
BRDA:79,9,1,0
BRDA:82,10,0,0
BRDA:82,10,1,0
BRDA:87,11,0,0
BRDA:87,11,1,0
BRDA:92,12,0,0
BRDA:92,12,1,0
BRDA:116,13,0,0
BRDA:116,13,1,0
BRDA:116,14,0,0
BRDA:116,14,1,0
BRDA:120,15,0,0
BRDA:120,15,1,0
BRDA:124,16,0,0
BRDA:124,16,1,0
BRDA:124,17,0,0
BRDA:124,17,1,0
BRDA:128,18,0,0
BRDA:128,18,1,0
BRDA:128,19,0,0
BRDA:128,19,1,0
BRDA:135,20,0,0
BRDA:135,20,1,0
BRDA:142,21,0,0
BRDA:142,21,1,0
BRDA:176,22,0,0
BRDA:176,22,1,0
BRDA:176,23,0,0
BRDA:176,23,1,0
BRDA:180,24,0,0
BRDA:180,24,1,0
BRDA:199,25,0,0
BRDA:199,25,1,0
BRDA:205,26,0,0
BRDA:205,26,1,0
BRDA:205,27,0,0
BRDA:205,27,1,0
BRDA:206,28,0,0
BRDA:206,28,1,0
BRDA:216,29,0,0
BRDA:216,29,1,0
BRDA:243,30,0,0
BRDA:243,30,1,0
BRDA:249,31,0,0
BRDA:249,31,1,0
BRDA:253,32,0,0
BRDA:253,32,1,0
BRDA:256,33,0,0
BRDA:256,33,1,0
BRDA:272,34,0,0
BRDA:281,35,0,0
BRDA:281,35,1,0
BRDA:294,36,0,0
BRDA:294,36,1,0
BRDA:331,37,0,0
BRDA:331,37,1,0
BRDA:332,38,0,0
BRDA:332,38,1,0
BRDA:346,39,0,0
BRDA:346,39,1,0
BRDA:373,40,0,0
BRDA:373,40,1,0
BRDA:373,41,0,0
BRDA:373,41,1,0
BRDA:378,42,0,0
BRDA:378,42,1,0
BRDA:411,43,0,0
BRDA:411,43,1,0
BRDA:441,44,0,0
BRDA:441,44,1,0
BRDA:485,45,0,0
BRDA:485,45,1,0
BRDA:488,46,0,0
BRDA:488,46,1,0
BRDA:508,47,0,0
BRDA:508,47,1,0
BRDA:511,48,0,0
BRDA:511,48,1,0
BRDA:513,49,0,0
BRDA:513,49,1,0
BRDA:523,50,0,0
BRDA:523,50,1,0
BRDA:560,51,0,0
BRDA:560,51,1,0
BRDA:586,52,0,0
BRDA:586,52,1,0
BRDA:613,53,0,0
BRDA:613,53,1,0
BRDA:618,54,0,0
BRDA:618,54,1,0
BRDA:621,55,0,0
BRDA:621,55,1,0
BRDA:683,56,0,0
BRDA:683,56,1,0
BRDA:772,57,0,0
BRDA:772,57,1,0
BRDA:781,58,0,0
BRDA:781,58,1,0
BRDA:781,58,2,0
BRDA:781,58,3,0
BRDA:781,58,4,0
BRDA:781,58,5,0
BRDA:781,58,6,0
BRDA:781,58,7,0
BRDA:781,58,8,0
BRDA:781,58,9,0
BRDA:781,58,10,0
BRDA:781,58,11,0
BRDA:781,58,12,0
BRDA:781,58,13,0
BRDA:781,58,14,0
BRDA:781,58,15,0
BRDA:781,58,16,0
BRDA:781,58,17,0
BRDA:781,58,18,0
BRDA:781,58,19,0
BRDA:781,58,20,0
BRDA:781,58,21,0
BRDA:781,58,22,0
BRDA:781,58,23,0
BRDA:781,58,24,0
BRDA:781,58,25,0
BRDA:781,58,26,0
BRDA:781,58,27,0
BRDA:781,58,28,0
BRDA:781,58,29,0
BRDA:781,58,30,0
BRDA:781,58,31,0
BRDA:781,58,32,0
BRDA:781,58,33,0
BRDA:781,58,34,0
BRDA:781,58,35,0
BRDA:781,58,36,0
BRDA:781,58,37,0
BRDA:781,58,38,0
BRDA:781,58,39,0
BRDA:781,58,40,0
BRDA:781,58,41,0
BRDA:781,58,42,0
BRDA:781,58,43,0
BRDA:781,58,44,0
BRDA:781,58,45,0
BRDA:781,58,46,0
BRDA:781,58,47,0
BRDA:781,58,48,0
BRDA:781,58,49,0
BRDA:781,58,50,0
BRF:167
BRH:0
end_of_record
TN:
SF:src/lib/api/transform/index.ts
FN:37,(anonymous_5)
FN:40,(anonymous_6)
FN:63,(anonymous_7)
FN:76,(anonymous_8)
FN:80,(anonymous_9)
FN:128,(anonymous_10)
FN:133,(anonymous_11)
FN:151,(anonymous_12)
FN:157,(anonymous_13)
FN:164,(anonymous_14)
FN:188,(anonymous_15)
FN:192,(anonymous_16)
FN:231,(anonymous_17)
FN:236,(anonymous_18)
FN:252,(anonymous_19)
FN:256,(anonymous_20)
FN:276,(anonymous_21)
FN:287,(anonymous_22)
FN:290,(anonymous_23)
FN:337,(anonymous_24)
FN:358,(anonymous_25)
FN:363,(anonymous_26)
FN:380,getTransformer
FNF:23
FNH:0
FNDA:0,(anonymous_5)
FNDA:0,(anonymous_6)
FNDA:0,(anonymous_7)
FNDA:0,(anonymous_8)
FNDA:0,(anonymous_9)
FNDA:0,(anonymous_10)
FNDA:0,(anonymous_11)
FNDA:0,(anonymous_12)
FNDA:0,(anonymous_13)
FNDA:0,(anonymous_14)
FNDA:0,(anonymous_15)
FNDA:0,(anonymous_16)
FNDA:0,(anonymous_17)
FNDA:0,(anonymous_18)
FNDA:0,(anonymous_19)
FNDA:0,(anonymous_20)
FNDA:0,(anonymous_21)
FNDA:0,(anonymous_22)
FNDA:0,(anonymous_23)
FNDA:0,(anonymous_24)
FNDA:0,(anonymous_25)
FNDA:0,(anonymous_26)
FNDA:0,getTransformer
DA:36,0
DA:38,0
DA:40,0
DA:46,0
DA:47,0
DA:49,0
DA:57,0
DA:58,0
DA:59,0
DA:62,0
DA:63,0
DA:73,0
DA:77,0
DA:81,0
DA:82,0
DA:83,0
DA:84,0
DA:87,0
DA:88,0
DA:89,0
DA:91,0
DA:92,0
DA:99,0
DA:100,0
DA:106,0
DA:107,0
DA:108,0
DA:118,0
DA:120,0
DA:121,0
DA:125,0
DA:129,0
DA:130,0
DA:133,0
DA:134,0
DA:135,0
DA:136,0
DA:137,0
DA:144,0
DA:150,0
DA:152,0
DA:155,0
DA:156,0
DA:158,0
DA:159,0
DA:160,0
DA:162,0
DA:164,0
DA:169,0
DA:177,0
DA:178,0
DA:181,0
DA:182,0
DA:185,0
DA:189,0
DA:193,0
DA:194,0
DA:196,0
DA:197,0
DA:199,0
DA:200,0
DA:206,0
DA:207,0
DA:217,0
DA:218,0
DA:221,0
DA:223,0
DA:224,0
DA:228,0
DA:232,0
DA:233,0
DA:236,0
DA:237,0
DA:238,0
DA:239,0
DA:240,0
DA:245,0
DA:251,0
DA:253,0
DA:256,0
DA:261,0
DA:269,0
DA:270,0
DA:273,0
DA:278,0
DA:280,0
DA:281,0
DA:284,0
DA:288,0
DA:289,0
DA:290,0
DA:291,0
DA:293,0
DA:294,0
DA:295,0
DA:297,0
DA:300,0
DA:301,0
DA:302,0
DA:303,0
DA:304,0
DA:305,0
DA:309,0
DA:310,0
DA:312,0
DA:316,0
DA:317,0
DA:318,0
DA:319,0
DA:320,0
DA:321,0
DA:322,0
DA:323,0
DA:327,0
DA:328,0
DA:329,0
DA:330,0
DA:331,0
DA:332,0
DA:333,0
DA:337,0
DA:338,0
DA:339,0
DA:340,0
DA:341,0
DA:342,0
DA:343,0
DA:344,0
DA:345,0
DA:349,0
DA:350,0
DA:351,0
DA:353,0
DA:354,0
DA:359,0
DA:360,0
DA:363,0
DA:364,0
DA:365,0
DA:366,0
DA:367,0
DA:374,0
DA:380,0
DA:381,0
DA:384,0
DA:388,0
DA:402,0
LF:147
LH:0
BRDA:40,0,0,0
BRDA:40,0,1,0
BRDA:46,1,0,0
BRDA:46,1,1,0
BRDA:46,1,2,0
BRDA:47,2,0,0
BRDA:47,2,1,0
BRDA:57,3,0,0
BRDA:57,3,1,0
BRDA:58,4,0,0
BRDA:58,4,1,0
BRDA:58,5,0,0
BRDA:58,5,1,0
BRDA:58,5,2,0
BRDA:62,6,0,0
BRDA:62,6,1,0
BRDA:62,7,0,0
BRDA:62,7,1,0
BRDA:81,8,0,0
BRDA:81,8,1,0
BRDA:83,9,0,0
BRDA:83,9,1,0
BRDA:91,10,0,0
BRDA:91,10,1,0
BRDA:99,11,0,0
BRDA:99,11,1,0
BRDA:106,12,0,0
BRDA:106,12,1,0
BRDA:129,13,0,0
BRDA:129,13,1,0
BRDA:134,14,0,0
BRDA:134,14,1,0
BRDA:136,15,0,0
BRDA:136,15,1,0
BRDA:156,16,0,0
BRDA:156,16,1,0
BRDA:158,17,0,0
BRDA:158,17,1,0
BRDA:159,18,0,0
BRDA:159,18,1,0
BRDA:159,19,0,0
BRDA:159,19,1,0
BRDA:177,20,0,0
BRDA:177,20,1,0
BRDA:181,21,0,0
BRDA:181,21,1,0
BRDA:181,22,0,0
BRDA:181,22,1,0
BRDA:193,23,0,0
BRDA:193,23,1,0
BRDA:199,24,0,0
BRDA:199,24,1,0
BRDA:202,25,0,0
BRDA:202,25,1,0
BRDA:206,26,0,0
BRDA:206,26,1,0
BRDA:217,27,0,0
BRDA:217,27,1,0
BRDA:232,28,0,0
BRDA:232,28,1,0
BRDA:237,29,0,0
BRDA:237,29,1,0
BRDA:239,30,0,0
BRDA:239,30,1,0
BRDA:256,31,0,0
BRDA:256,31,1,0
BRDA:257,32,0,0
BRDA:257,32,1,0
BRDA:269,33,0,0
BRDA:269,33,1,0
BRDA:269,34,0,0
BRDA:269,34,1,0
BRDA:278,35,0,0
BRDA:278,35,1,0
BRDA:280,36,0,0
BRDA:280,36,1,0
BRDA:293,37,0,0
BRDA:293,37,1,0
BRDA:300,38,0,0
BRDA:300,38,1,0
BRDA:301,39,0,0
BRDA:301,39,1,0
BRDA:302,40,0,0
BRDA:302,40,1,0
BRDA:304,41,0,0
BRDA:304,41,1,0
BRDA:304,42,0,0
BRDA:304,42,1,0
BRDA:309,43,0,0
BRDA:309,43,1,0
BRDA:316,44,0,0
BRDA:316,44,1,0
BRDA:318,45,0,0
BRDA:318,45,1,0
BRDA:321,46,0,0
BRDA:321,46,1,0
BRDA:322,47,0,0
BRDA:322,47,1,0
BRDA:328,48,0,0
BRDA:328,48,1,0
BRDA:328,49,0,0
BRDA:328,49,1,0
BRDA:331,50,0,0
BRDA:331,50,1,0
BRDA:332,51,0,0
BRDA:332,51,1,0
BRDA:339,52,0,0
BRDA:339,52,1,0
BRDA:340,53,0,0
BRDA:340,53,1,0
BRDA:341,54,0,0
BRDA:341,54,1,0
BRDA:349,55,0,0
BRDA:349,55,1,0
BRDA:350,56,0,0
BRDA:350,56,1,0
BRDA:359,57,0,0
BRDA:359,57,1,0
BRDA:364,58,0,0
BRDA:364,58,1,0
BRDA:366,59,0,0
BRDA:366,59,1,0
BRDA:381,60,0,0
BRDA:381,60,1,0
BRDA:381,60,2,0
BRDA:381,60,3,0
BRDA:381,60,4,0
BRDA:381,60,5,0
BRDA:381,60,6,0
BRDA:381,60,7,0
BRDA:381,60,8,0
BRDA:381,60,9,0
BRDA:381,60,10,0
BRDA:381,60,11,0
BRDA:381,60,12,0
BRDA:381,60,13,0
BRDA:381,60,14,0
BRDA:381,60,15,0
BRF:138
BRH:0
end_of_record
TN:
SF:src/lib/api/utils/rate-limiter.ts
FN:15,(anonymous_1)
FN:19,(anonymous_2)
FN:24,(anonymous_3)
FN:25,(anonymous_4)
FN:39,(anonymous_5)
FN:41,(anonymous_6)
FN:57,(anonymous_7)
FN:58,(anonymous_8)
FN:61,(anonymous_9)
FN:65,(anonymous_10)
FN:71,(anonymous_11)
FN:72,(anonymous_12)
FNF:12
FNH:0
FNDA:0,(anonymous_1)
FNDA:0,(anonymous_2)
FNDA:0,(anonymous_3)
FNDA:0,(anonymous_4)
FNDA:0,(anonymous_5)
FNDA:0,(anonymous_6)
FNDA:0,(anonymous_7)
FNDA:0,(anonymous_8)
FNDA:0,(anonymous_9)
FNDA:0,(anonymous_10)
FNDA:0,(anonymous_11)
FNDA:0,(anonymous_12)
DA:10,0
DA:11,0
DA:12,0
DA:16,0
DA:20,0
DA:21,0
DA:24,0
DA:25,0
DA:28,0
DA:29,0
DA:30,0
DA:31,0
DA:32,0
DA:33,0
DA:38,0
DA:39,0
DA:40,0
DA:41,0
DA:42,0
DA:43,0
DA:44,0
DA:45,0
DA:51,0
DA:52,0
DA:53,0
DA:58,0
DA:62,0
DA:63,0
DA:65,0
DA:66,0
DA:69,0
DA:70,0
DA:71,0
DA:72,0
DA:73,0
DA:76,0
LF:36
LH:0
BRDA:19,0,0,0
BRDA:28,1,0,0
BRDA:28,1,1,0
BRDA:31,2,0,0
BRDA:31,2,1,0
BRDA:38,3,0,0
BRDA:38,3,1,0
BRDA:40,4,0,0
BRDA:40,4,1,0
BRDA:43,5,0,0
BRDA:43,5,1,0
BRDA:52,6,0,0
BRDA:52,6,1,0
BRDA:69,7,0,0
BRDA:69,7,1,0
BRF:15
BRH:0
end_of_record
TN:
SF:src/lib/api/utils/response-validator.ts
FN:44,(anonymous_1)
FN:109,(anonymous_2)
FN:194,(anonymous_3)
FN:270,(anonymous_4)
FN:300,(anonymous_5)
FN:326,(anonymous_6)
FN:335,(anonymous_7)
FN:365,(anonymous_8)
FN:404,(anonymous_9)
FN:425,(anonymous_10)
FN:432,(anonymous_11)
FN:435,(anonymous_12)
FN:436,(anonymous_13)
FN:450,(anonymous_14)
FN:459,(anonymous_15)
FN:478,(anonymous_16)
FN:502,(anonymous_17)
FN:514,(anonymous_18)
FNF:18
FNH:0
FNDA:0,(anonymous_1)
FNDA:0,(anonymous_2)
FNDA:0,(anonymous_3)
FNDA:0,(anonymous_4)
FNDA:0,(anonymous_5)
FNDA:0,(anonymous_6)
FNDA:0,(anonymous_7)
FNDA:0,(anonymous_8)
FNDA:0,(anonymous_9)
FNDA:0,(anonymous_10)
FNDA:0,(anonymous_11)
FNDA:0,(anonymous_12)
FNDA:0,(anonymous_13)
FNDA:0,(anonymous_14)
FNDA:0,(anonymous_15)
FNDA:0,(anonymous_16)
FNDA:0,(anonymous_17)
FNDA:0,(anonymous_18)
DA:19,0
DA:20,0
DA:45,0
DA:46,0
DA:49,0
DA:50,0
DA:51,0
DA:54,0
DA:55,0
DA:56,0
DA:60,0
DA:61,0
DA:62,0
DA:63,0
DA:67,0
DA:68,0
DA:69,0
DA:70,0
DA:71,0
DA:75,0
DA:78,0
DA:84,0
DA:85,0
DA:90,0
DA:91,0
DA:92,0
DA:95,0
DA:96,0
DA:99,0
DA:101,0
DA:110,0
DA:113,0
DA:114,0
DA:119,0
DA:120,0
DA:121,0
DA:122,0
DA:125,0
DA:126,0
DA:130,0
DA:132,0
DA:133,0
DA:134,0
DA:135,0
DA:136,0
DA:138,0
DA:140,0
DA:142,0
DA:146,0
DA:147,0
DA:148,0
DA:151,0
DA:152,0
DA:153,0
DA:155,0
DA:159,0
DA:160,0
DA:161,0
DA:162,0
DA:163,0
DA:164,0
DA:167,0
DA:170,0
DA:172,0
DA:173,0
DA:174,0
DA:176,0
DA:179,0
DA:180,0
DA:181,0
DA:184,0
DA:185,0
DA:186,0
DA:188,0
DA:191,0
DA:199,0
DA:202,0
DA:214,0
DA:241,0
DA:242,0
DA:243,0
DA:252,0
DA:253,0
DA:254,0
DA:255,0
DA:263,0
DA:271,0
DA:272,0
DA:275,0
DA:276,0
DA:277,0
DA:282,0
DA:283,0
DA:284,0
DA:285,0
DA:286,0
DA:287,0
DA:289,0
DA:292,0
DA:293,0
DA:297,0
DA:301,0
DA:302,0
DA:304,0
DA:306,0
DA:307,0
DA:310,0
DA:311,0
DA:312,0
DA:314,0
DA:315,0
DA:319,0
DA:326,0
DA:327,0
DA:332,0
DA:336,0
DA:338,0
DA:340,0
DA:341,0
DA:342,0
DA:346,0
DA:350,0
DA:351,0
DA:352,0
DA:353,0
DA:354,0
DA:356,0
DA:357,0
DA:362,0
DA:366,0
DA:368,0
DA:374,0
DA:379,0
DA:381,0
DA:382,0
DA:383,0
DA:385,0
DA:388,0
DA:389,0
DA:390,0
DA:393,0
DA:397,0
DA:405,0
DA:407,0
DA:413,0
DA:418,0
DA:421,0
DA:427,0
DA:430,0
DA:432,0
DA:433,0
DA:435,0
DA:436,0
DA:437,0
DA:438,0
DA:439,0
DA:444,0
DA:446,0
DA:455,0
DA:456,0
DA:464,0
DA:465,0
DA:468,0
DA:469,0
DA:475,0
DA:480,0
DA:481,0
DA:482,0
DA:483,0
DA:484,0
DA:486,0
DA:489,0
DA:490,0
DA:491,0
DA:495,0
DA:503,0
DA:504,0
DA:505,0
DA:508,0
DA:509,0
DA:511,0
DA:518,0
DA:520,0
DA:545,0
LF:184
LH:0
BRDA:49,0,0,0
BRDA:49,0,1,0
BRDA:54,1,0,0
BRDA:54,1,1,0
BRDA:61,2,0,0
BRDA:61,2,1,0
BRDA:68,3,0,0
BRDA:68,3,1,0
BRDA:75,4,0,0
BRDA:75,4,1,0
BRDA:75,5,0,0
BRDA:75,5,1,0
BRDA:75,5,2,0
BRDA:78,6,0,0
BRDA:78,6,1,0
BRDA:78,6,2,0
BRDA:78,6,3,0
BRDA:84,7,0,0
BRDA:84,7,1,0
BRDA:113,8,0,0
BRDA:113,8,1,0
BRDA:114,9,0,0
BRDA:114,9,1,0
BRDA:116,10,0,0
BRDA:116,10,1,0
BRDA:116,10,2,0
BRDA:120,11,0,0
BRDA:120,11,1,0
BRDA:130,12,0,0
BRDA:130,12,1,0
BRDA:130,12,2,0
BRDA:130,12,3,0
BRDA:130,12,4,0
BRDA:132,13,0,0
BRDA:132,13,1,0
BRDA:133,14,0,0
BRDA:133,14,1,0
BRDA:135,15,0,0
BRDA:135,15,1,0
BRDA:146,16,0,0
BRDA:146,16,1,0
BRDA:146,17,0,0
BRDA:146,17,1,0
BRDA:151,18,0,0
BRDA:151,18,1,0
BRDA:151,19,0,0
BRDA:151,19,1,0
BRDA:159,20,0,0
BRDA:159,20,1,0
BRDA:160,21,0,0
BRDA:160,21,1,0
BRDA:160,21,2,0
BRDA:162,22,0,0
BRDA:162,22,1,0
BRDA:170,23,0,0
BRDA:170,23,1,0
BRDA:173,24,0,0
BRDA:173,24,1,0
BRDA:179,25,0,0
BRDA:179,25,1,0
BRDA:184,26,0,0
BRDA:184,26,1,0
BRDA:242,27,0,0
BRDA:242,27,1,0
BRDA:252,28,0,0
BRDA:252,28,1,0
BRDA:254,29,0,0
BRDA:254,29,1,0
BRDA:276,30,0,0
BRDA:276,30,1,0
BRDA:285,31,0,0
BRDA:285,31,1,0
BRDA:285,32,0,0
BRDA:285,32,1,0
BRDA:286,33,0,0
BRDA:286,33,1,0
BRDA:286,34,0,0
BRDA:286,34,1,0
BRDA:306,35,0,0
BRDA:306,35,1,0
BRDA:310,36,0,0
BRDA:310,36,1,0
BRDA:311,37,0,0
BRDA:311,37,1,0
BRDA:314,38,0,0
BRDA:314,38,1,0
BRDA:326,39,0,0
BRDA:326,39,1,0
BRDA:340,40,0,0
BRDA:340,40,1,0
BRDA:351,41,0,0
BRDA:351,41,1,0
BRDA:353,42,0,0
BRDA:353,42,1,0
BRDA:353,43,0,0
BRDA:353,43,1,0
BRDA:353,43,2,0
BRDA:356,44,0,0
BRDA:356,44,1,0
BRDA:366,45,0,0
BRDA:366,45,1,0
BRDA:366,45,2,0
BRDA:366,45,3,0
BRDA:366,45,4,0
BRDA:366,45,5,0
BRDA:366,45,6,0
BRDA:366,45,7,0
BRDA:366,45,8,0
BRDA:368,46,0,0
BRDA:368,46,1,0
BRDA:374,47,0,0
BRDA:374,47,1,0
BRDA:379,48,0,0
BRDA:379,48,1,0
BRDA:382,49,0,0
BRDA:382,49,1,0
BRDA:388,50,0,0
BRDA:388,50,1,0
BRDA:389,51,0,0
BRDA:389,51,1,0
BRDA:390,52,0,0
BRDA:390,52,1,0
BRDA:397,53,0,0
BRDA:397,53,1,0
BRDA:397,53,2,0
BRDA:397,53,3,0
BRDA:405,54,0,0
BRDA:405,54,1,0
BRDA:405,54,2,0
BRDA:405,54,3,0
BRDA:405,54,4,0
BRDA:405,54,5,0
BRDA:405,54,6,0
BRDA:405,54,7,0
BRDA:405,54,8,0
BRDA:407,55,0,0
BRDA:407,55,1,0
BRDA:413,56,0,0
BRDA:413,56,1,0
BRDA:418,57,0,0
BRDA:418,57,1,0
BRDA:421,58,0,0
BRDA:421,58,1,0
BRDA:421,58,2,0
BRDA:433,59,0,0
BRDA:433,59,1,0
BRDA:433,60,0,0
BRDA:433,60,1,0
BRDA:436,61,0,0
BRDA:436,61,1,0
BRDA:438,62,0,0
BRDA:438,62,1,0
BRDA:464,63,0,0
BRDA:464,63,1,0
BRDA:464,64,0,0
BRDA:464,64,1,0
BRDA:468,65,0,0
BRDA:468,65,1,0
BRDA:468,66,0,0
BRDA:468,66,1,0
BRDA:481,67,0,0
BRDA:481,67,1,0
BRDA:483,68,0,0
BRDA:483,68,1,0
BRDA:489,69,0,0
BRDA:489,69,1,0
BRDA:490,70,0,0
BRDA:490,70,1,0
BRDA:495,71,0,0
BRDA:495,71,1,0
BRDA:495,71,2,0
BRDA:495,71,3,0
BRDA:503,72,0,0
BRDA:503,72,1,0
BRDA:504,73,0,0
BRDA:504,73,1,0
BRDA:505,74,0,0
BRDA:505,74,1,0
BRDA:505,74,2,0
BRDA:508,75,0,0
BRDA:508,75,1,0
BRDA:509,76,0,0
BRDA:509,76,1,0
BRDA:514,77,0,0
BRDA:518,78,0,0
BRDA:518,78,1,0
BRDA:521,79,0,0
BRDA:521,79,1,0
BRDA:524,80,0,0
BRDA:524,80,1,0
BRDA:529,81,0,0
BRDA:529,81,1,0
BRDA:529,81,2,0
BRDA:529,81,3,0
BRDA:535,82,0,0
BRDA:535,82,1,0
BRDA:535,82,2,0
BRDA:535,82,3,0
BRF:198
BRH:0
end_of_record
TN:
SF:src/lib/api/utils/retry-handler.ts
FN:18,(anonymous_5)
FN:26,(anonymous_6)
FN:56,(anonymous_7)
FN:94,(anonymous_8)
FN:99,(anonymous_9)
FN:117,(anonymous_10)
FN:118,(anonymous_11)
FN:122,(anonymous_12)
FN:137,(anonymous_13)
FN:154,(anonymous_14)
FN:172,(anonymous_15)
FN:188,(anonymous_16)
FNF:12
FNH:0
FNDA:0,(anonymous_5)
FNDA:0,(anonymous_6)
FNDA:0,(anonymous_7)
FNDA:0,(anonymous_8)
FNDA:0,(anonymous_9)
FNDA:0,(anonymous_10)
FNDA:0,(anonymous_11)
FNDA:0,(anonymous_12)
FNDA:0,(anonymous_13)
FNDA:0,(anonymous_14)
FNDA:0,(anonymous_15)
FNDA:0,(anonymous_16)
DA:15,0
DA:19,0
DA:29,0
DA:30,0
DA:31,0
DA:33,0
DA:36,0
DA:37,0
DA:41,0
DA:42,0
DA:46,0
DA:47,0
DA:49,0
DA:53,0
DA:57,0
DA:58,0
DA:61,0
DA:62,0
DA:64,0
DA:69,0
DA:94,0
DA:95,0
DA:101,0
DA:104,0
DA:105,0
DA:109,0
DA:110,0
DA:111,0
DA:114,0
DA:118,0
DA:126,0
DA:132,0
DA:133,0
DA:143,0
DA:153,0
DA:155,0
DA:171,0
DA:173,0
DA:187,0
DA:189,0
LF:40
LH:0
BRDA:33,0,0,0
BRDA:33,0,1,0
BRDA:36,1,0,0
BRDA:36,1,1,0
BRDA:41,2,0,0
BRDA:41,2,1,0
BRDA:58,3,0,0
BRDA:58,3,1,0
BRDA:62,4,0,0
BRDA:62,4,1,0
BRDA:62,5,0,0
BRDA:62,5,1,0
BRDA:95,6,0,0
BRDA:95,6,1,0
BRDA:104,7,0,0
BRDA:104,7,1,0
BRDA:109,8,0,0
BRDA:109,8,1,0
BRDA:124,9,0,0
BRDA:146,10,0,0
BRDA:146,10,1,0
BRDA:154,11,0,0
BRDA:172,12,0,0
BRDA:188,13,0,0
BRF:24
BRH:0
end_of_record
TN:
SF:src/lib/api/utils/token-counter.ts
FN:22,(anonymous_1)
FN:44,(anonymous_2)
FN:49,(anonymous_3)
FN:56,(anonymous_4)
FN:78,(anonymous_5)
FN:108,(anonymous_6)
FN:131,(anonymous_7)
FN:146,(anonymous_8)
FNF:8
FNH:0
FNDA:0,(anonymous_1)
FNDA:0,(anonymous_2)
FNDA:0,(anonymous_3)
FNDA:0,(anonymous_4)
FNDA:0,(anonymous_5)
FNDA:0,(anonymous_6)
FNDA:0,(anonymous_7)
FNDA:0,(anonymous_8)
DA:12,0
DA:14,0
DA:23,0
DA:25,0
DA:26,0
DA:27,0
DA:28,0
DA:29,0
DA:30,0
DA:31,0
DA:32,0
DA:41,0
DA:45,0
DA:46,0
DA:51,0
DA:52,0
DA:53,0
DA:57,0
DA:59,0
DA:61,0
DA:62,0
DA:64,0
DA:65,0
DA:67,0
DA:68,0
DA:70,0
DA:71,0
DA:74,0
DA:79,0
DA:82,0
DA:84,0
DA:87,0
DA:88,0
DA:91,0
DA:92,0
DA:95,0
DA:97,0
DA:100,0
DA:109,0
DA:111,0
DA:113,0
DA:114,0
DA:116,0
DA:117,0
DA:121,0
DA:122,0
DA:123,0
DA:127,0
DA:136,0
DA:137,0
DA:139,0
DA:147,0
DA:150,0
DA:151,0
DA:153,0
DA:156,0
DA:157,0
DA:159,0
DA:162,0
DA:163,0
DA:165,0
DA:166,0
DA:168,0
DA:169,0
DA:171,0
DA:172,0
LF:66
LH:0
BRDA:27,0,0,0
BRDA:27,0,1,0
BRDA:29,1,0,0
BRDA:29,1,1,0
BRDA:31,2,0,0
BRDA:31,2,1,0
BRDA:31,3,0,0
BRDA:31,3,1,0
BRDA:57,4,0,0
BRDA:57,4,1,0
BRDA:61,5,0,0
BRDA:61,5,1,0
BRDA:61,6,0,0
BRDA:61,6,1,0
BRDA:64,7,0,0
BRDA:64,7,1,0
BRDA:67,8,0,0
BRDA:67,8,1,0
BRDA:70,9,0,0
BRDA:70,9,1,0
BRDA:70,10,0,0
BRDA:70,10,1,0
BRDA:84,11,0,0
BRDA:84,11,1,0
BRDA:84,11,2,0
BRDA:84,11,3,0
BRDA:113,12,0,0
BRDA:113,12,1,0
BRDA:116,13,0,0
BRDA:116,13,1,0
BRDA:121,14,0,0
BRDA:121,14,1,0
BRDA:121,15,0,0
BRDA:121,15,1,0
BRDA:122,16,0,0
BRDA:122,16,1,0
BRDA:150,17,0,0
BRDA:150,17,1,0
BRDA:150,18,0,0
BRDA:150,18,1,0
BRDA:153,19,0,0
BRDA:153,19,1,0
BRDA:156,20,0,0
BRDA:156,20,1,0
BRDA:159,21,0,0
BRDA:159,21,1,0
BRDA:162,22,0,0
BRDA:162,22,1,0
BRDA:165,23,0,0
BRDA:165,23,1,0
BRDA:168,24,0,0
BRDA:168,24,1,0
BRDA:171,25,0,0
BRDA:171,25,1,0
BRF:54
BRH:0
end_of_record
TN:
SF:src/lib/supabase/server.ts
FNF:0
FNH:0
DA:2,0
LF:1
LH:0
BRF:0
BRH:0
end_of_record
